This file contains any messages produced by compilers while
running configure, to aid debugging if configure makes a mistake.

It was created by configure, which was
generated by GNU Autoconf 2.63.  Invocation command line was

  $ ./configure --disable-option-checking --prefix=/home/bud/newoctopusd/octopusd/t --cache-file=/dev/null --srcdir=.

## --------- ##
## Platform. ##
## --------- ##

hostname = dev001
uname -m = i686
uname -r = 2.6.31.5-0.1-default
uname -s = Linux
uname -v = #1 SMP 2009-10-26 15:49:03 +0100

/usr/bin/uname -p = unknown
/bin/uname -X     = unknown

/bin/arch              = i686
/usr/bin/arch -k       = unknown
/usr/convex/getsysinfo = unknown
/usr/bin/hostinfo      = unknown
/bin/machine           = unknown
/usr/bin/oslevel       = unknown
/bin/universe          = unknown

PATH: /home/bud/bin
PATH: /usr/local/bin
PATH: /usr/bin
PATH: /bin
PATH: /usr/bin/X11
PATH: /usr/X11R6/bin
PATH: /usr/games
PATH: /usr/lib/jvm/jre/bin
PATH: /usr/lib/mit/bin
PATH: /usr/lib/mit/sbin


## ----------- ##
## Core tests. ##
## ----------- ##

configure:1979: checking for grep that handles long lines and -e
configure:2039: result: /usr/bin/grep
configure:2044: checking for egrep
configure:2108: result: /usr/bin/grep -E
configure:2113: checking for a sed that does not truncate output
configure:2167: result: /usr/bin/sed
configure:2299: checking for cc
configure:2315: found /usr/bin/cc
configure:2326: result: cc
configure:2360: checking for C compiler version
configure:2368: cc --version >&5
cc (SUSE Linux) 4.4.1 [gcc-4_4-branch revision 150839]
Copyright (C) 2009 Free Software Foundation, Inc.
This is free software; see the source for copying conditions.  There is NO
warranty; not even for MERCHANTABILITY or FITNESS FOR A PARTICULAR PURPOSE.

configure:2372: $? = 0
configure:2379: cc -v >&5
Using built-in specs.
Target: i586-suse-linux
Configured with: ../configure --prefix=/usr --infodir=/usr/share/info --mandir=/usr/share/man --libdir=/usr/lib --libexecdir=/usr/lib --enable-languages=c,c++,objc,fortran,obj-c++,java,ada --enable-checking=release --with-gxx-include-dir=/usr/include/c++/4.4 --enable-ssp --disable-libssp --with-bugurl=http://bugs.opensuse.org/ --with-pkgversion='SUSE Linux' --disable-libgcj --disable-libmudflap --with-slibdir=/lib --with-system-zlib --enable-__cxa_atexit --enable-libstdcxx-allocator=new --disable-libstdcxx-pch --enable-version-specific-runtime-libs --program-suffix=-4.4 --enable-linux-futex --without-system-libunwind --with-arch-32=i586 --with-tune=generic --build=i586-suse-linux
Thread model: posix
gcc version 4.4.1 [gcc-4_4-branch revision 150839] (SUSE Linux) 
configure:2383: $? = 0
configure:2390: cc -V >&5
cc: '-V' option must have argument
configure:2394: $? = 1
configure:2417: checking for C compiler default output file name
configure:2439: cc    conftest.c  >&5
configure:2443: $? = 0
configure:2481: result: a.out
configure:2500: checking whether the C compiler works
configure:2510: ./a.out
configure:2514: $? = 0
configure:2533: result: yes
configure:2540: checking whether we are cross compiling
configure:2542: result: no
configure:2545: checking for suffix of executables
configure:2552: cc -o conftest    conftest.c  >&5
configure:2556: $? = 0
configure:2582: result: 
configure:2588: checking for suffix of object files
configure:2614: cc -c   conftest.c >&5
configure:2618: $? = 0
configure:2643: result: o
configure:2647: checking whether we are using the GNU C compiler
configure:2676: cc -c   conftest.c >&5
configure:2683: $? = 0
configure:2700: result: yes
configure:2709: checking whether cc accepts -g
configure:2739: cc -c -g  conftest.c >&5
configure:2746: $? = 0
configure:2847: result: yes
configure:2864: checking for cc option to accept ISO C89
configure:2938: cc  -c -g -O2  conftest.c >&5
configure:2945: $? = 0
configure:2968: result: none needed
configure:2992: checking how to run the C preprocessor
configure:3032: cc -E  conftest.c
configure:3039: $? = 0
configure:3070: cc -E  conftest.c
conftest.c:8:28: error: ac_nonexistent.h: No such file or directory
configure:3077: $? = 1
configure: failed program was:
| /* confdefs.h.  */
| #define PACKAGE_NAME ""
| #define PACKAGE_TARNAME ""
| #define PACKAGE_VERSION ""
| #define PACKAGE_STRING ""
| #define PACKAGE_BUGREPORT ""
| /* end confdefs.h.  */
| #include <ac_nonexistent.h>
configure:3110: result: cc -E
configure:3139: cc -E  conftest.c
configure:3146: $? = 0
configure:3177: cc -E  conftest.c
conftest.c:8:28: error: ac_nonexistent.h: No such file or directory
configure:3184: $? = 1
configure: failed program was:
| /* confdefs.h.  */
| #define PACKAGE_NAME ""
| #define PACKAGE_TARNAME ""
| #define PACKAGE_VERSION ""
| #define PACKAGE_STRING ""
| #define PACKAGE_BUGREPORT ""
| /* end confdefs.h.  */
| #include <ac_nonexistent.h>
configure:3226: checking for icc
configure:3239: result: no
configure:3253: checking for suncc
configure:3266: result: no
configure:3284: checking whether cc understands -c and -o together
configure:3316: cc -c conftest.c -o conftest2.o >&5
configure:3320: $? = 0
configure:3326: cc -c conftest.c -o conftest2.o >&5
configure:3330: $? = 0
configure:3385: result: yes
configure:3401: checking for system library directory
configure:3419: result: lib
configure:3426: checking if compiler supports -R
configure:3455: cc -o conftest -g -O2   conftest.c -R /usr/lib  >&5
cc: unrecognized option '-R'
/usr/lib: file not recognized: Is a directory
collect2: ld returned 1 exit status
configure:3462: $? = 1
configure: failed program was:
| /* confdefs.h.  */
| #define PACKAGE_NAME ""
| #define PACKAGE_TARNAME ""
| #define PACKAGE_VERSION ""
| #define PACKAGE_STRING ""
| #define PACKAGE_BUGREPORT ""
| /* end confdefs.h.  */
| 
| int
| main ()
| {
| 
|   ;
|   return 0;
| }
configure:3484: result: no
configure:3489: checking if compiler supports -Wl,-rpath,
configure:3518: cc -o conftest -g -O2   conftest.c -Wl,-rpath,/usr/lib  >&5
configure:3525: $? = 0
configure:3547: result: yes
configure:3596: checking build system type
configure:3614: result: i686-pc-linux-gnu
configure:3636: checking host system type
configure:3651: result: i686-pc-linux-gnu
configure:3673: checking target system type
configure:3688: result: i686-pc-linux-gnu
configure:3800: checking for PHP prefix
configure:3802: result: /usr
configure:3804: checking for PHP includes
configure:3806: result: -I/usr/include/php5 -I/usr/include/php5/main -I/usr/include/php5/TSRM -I/usr/include/php5/Zend -I/usr/include/php5/ext -I/usr/include/php5/ext/date/lib
configure:3808: checking for PHP extension directory
configure:3810: result: /usr/lib/php5/extensions
configure:3812: checking for PHP installed headers prefix
configure:3814: result: /usr/include/php5
configure:3817: checking if debug is enabled
configure:3847: result: no
configure:3850: checking if zts is enabled
configure:3880: result: no
configure:3954: checking for re2c
configure:3984: result: no
configure:4009: WARNING: You will need re2c 0.13.4 or later if you want to regenerate PHP parsers.
configure:4023: checking for gawk
configure:4040: found /usr/bin/gawk
configure:4051: result: gawk
configure:4103: checking whether to enable octopus support
configure:4145: result: yes, shared
configure:4545: checking for ld used by cc
configure:4612: result: /usr/i586-suse-linux/bin/ld
configure:4621: checking if the linker (/usr/i586-suse-linux/bin/ld) is GNU ld
configure:4636: result: yes
configure:4641: checking for /usr/i586-suse-linux/bin/ld option to reload object files
configure:4648: result: -r
configure:4666: checking for BSD-compatible nm
configure:4715: result: /usr/bin/nm -B
configure:4719: checking whether ln -s works
configure:4723: result: yes
configure:4730: checking how to recognize dependent libraries
configure:4916: result: pass_all
configure:5157: checking for ANSI C header files
configure:5187: cc -c -g -O2  conftest.c >&5
configure:5194: $? = 0
configure:5293: cc -o conftest -g -O2   conftest.c  >&5
configure:5297: $? = 0
configure:5303: ./conftest
configure:5307: $? = 0
configure:5325: result: yes
configure:5349: checking for sys/types.h
configure:5370: cc -c -g -O2  conftest.c >&5
configure:5377: $? = 0
configure:5394: result: yes
configure:5349: checking for sys/stat.h
configure:5370: cc -c -g -O2  conftest.c >&5
configure:5377: $? = 0
configure:5394: result: yes
configure:5349: checking for stdlib.h
configure:5370: cc -c -g -O2  conftest.c >&5
configure:5377: $? = 0
configure:5394: result: yes
configure:5349: checking for string.h
configure:5370: cc -c -g -O2  conftest.c >&5
configure:5377: $? = 0
configure:5394: result: yes
configure:5349: checking for memory.h
configure:5370: cc -c -g -O2  conftest.c >&5
configure:5377: $? = 0
configure:5394: result: yes
configure:5349: checking for strings.h
configure:5370: cc -c -g -O2  conftest.c >&5
configure:5377: $? = 0
configure:5394: result: yes
configure:5349: checking for inttypes.h
configure:5370: cc -c -g -O2  conftest.c >&5
configure:5377: $? = 0
configure:5394: result: yes
configure:5349: checking for stdint.h
configure:5370: cc -c -g -O2  conftest.c >&5
configure:5377: $? = 0
configure:5394: result: yes
configure:5349: checking for unistd.h
configure:5370: cc -c -g -O2  conftest.c >&5
configure:5377: $? = 0
configure:5394: result: yes
configure:5424: checking dlfcn.h usability
configure:5441: cc -c -g -O2  conftest.c >&5
configure:5448: $? = 0
configure:5462: result: yes
configure:5466: checking dlfcn.h presence
configure:5481: cc -E  conftest.c
configure:5488: $? = 0
configure:5502: result: yes
configure:5530: checking for dlfcn.h
configure:5539: result: yes
configure:5566: checking the maximum length of command line arguments
configure:5678: result: 1572864
configure:5690: checking command to parse /usr/bin/nm -B output from cc object
configure:5795: cc -c -g -O2  conftest.c >&5
configure:5798: $? = 0
configure:5802: /usr/bin/nm -B conftest.o \| sed -n -e 's/^.*[ 	]\([ABCDGIRSTW][ABCDGIRSTW]*\)[ 	][ 	]*\([_A-Za-z][_A-Za-z0-9]*\)$/\1 \2 \2/p' \> conftest.nm
configure:5805: $? = 0
configure:5857: cc -o conftest -g -O2   conftest.c conftstm.o >&5
configure:5860: $? = 0
configure:5898: result: ok
configure:5902: checking for objdir
configure:5917: result: .libs
configure:6009: checking for ar
configure:6025: found /usr/bin/ar
configure:6036: result: ar
configure:6101: checking for ranlib
configure:6117: found /usr/bin/ranlib
configure:6128: result: ranlib
configure:6193: checking for strip
configure:6209: found /usr/bin/strip
configure:6220: result: strip
configure:6789: checking if cc supports -fno-rtti -fno-exceptions
configure:6807: cc -c -g -O2  -fno-rtti -fno-exceptions conftest.c >&5
cc1: warning: command line option "-fno-rtti" is valid for C++/ObjC++ but not for C
configure:6811: $? = 0
configure:6824: result: no
configure:6839: checking for cc option to produce PIC
configure:7079: result: -fPIC
configure:7087: checking if cc PIC flag -fPIC works
configure:7105: cc -c -g -O2  -fPIC -DPIC conftest.c >&5
configure:7109: $? = 0
configure:7122: result: yes
configure:7150: checking if cc static flag -static works
configure:7178: result: yes
configure:7188: checking if cc supports -c -o file.o
configure:7209: cc -c -g -O2  -o out/conftest2.o conftest.c >&5
configure:7213: $? = 0
configure:7235: result: yes
configure:7261: checking whether the cc linker (/usr/i586-suse-linux/bin/ld) supports shared libraries
configure:8193: result: yes
configure:8214: checking whether -lc should be explicitly linked in
configure:8219: cc -c -g -O2  conftest.c >&5
configure:8222: $? = 0
configure:8237: cc -shared conftest.o  -v -Wl,-soname -Wl,conftest -o conftest 2\>\&1 \| grep  -lc  \>/dev/null 2\>\&1
configure:8240: $? = 0
configure:8252: result: no
configure:8260: checking dynamic linker characteristics
configure:8862: result: GNU/Linux ld.so
configure:8886: checking how to hardcode library paths into programs
configure:8911: result: immediate
configure:8925: checking whether stripping libraries is possible
configure:8930: result: yes
configure:9760: checking if libtool supports shared libraries
configure:9762: result: yes
configure:9765: checking whether to build shared libraries
configure:9786: result: yes
configure:9789: checking whether to build static libraries
configure:9793: result: no
configure:9888: result:
creating libtool
configure:13589: creating ./config.status

## ---------------------- ##
## Running config.status. ##
## ---------------------- ##

This file was extended by config.status, which was
generated by GNU Autoconf 2.63.  Invocation command line was

  CONFIG_FILES    = 
  CONFIG_HEADERS  = 
  CONFIG_LINKS    = 
  CONFIG_COMMANDS = 
  $ ./config.status 

on dev001

config.status:606: creating config.h

## ---------------- ##
## Cache variables. ##
## ---------------- ##

ac_cv_build=i686-pc-linux-gnu
ac_cv_c_compiler_gnu=yes
ac_cv_env_CC_set=
ac_cv_env_CC_value=
ac_cv_env_CFLAGS_set=
ac_cv_env_CFLAGS_value=
ac_cv_env_CPPFLAGS_set=
ac_cv_env_CPPFLAGS_value=
ac_cv_env_CPP_set=
ac_cv_env_CPP_value=
ac_cv_env_LDFLAGS_set=
ac_cv_env_LDFLAGS_value=
ac_cv_env_LIBS_set=
ac_cv_env_LIBS_value=
ac_cv_env_build_alias_set=
ac_cv_env_build_alias_value=
ac_cv_env_host_alias_set=
ac_cv_env_host_alias_value=
ac_cv_env_target_alias_set=
ac_cv_env_target_alias_value=
ac_cv_header_dlfcn_h=yes
ac_cv_header_inttypes_h=yes
ac_cv_header_memory_h=yes
ac_cv_header_stdc=yes
ac_cv_header_stdint_h=yes
ac_cv_header_stdlib_h=yes
ac_cv_header_string_h=yes
ac_cv_header_strings_h=yes
ac_cv_header_sys_stat_h=yes
ac_cv_header_sys_types_h=yes
ac_cv_header_unistd_h=yes
ac_cv_host=i686-pc-linux-gnu
ac_cv_objext=o
ac_cv_path_EGREP='/usr/bin/grep -E'
ac_cv_path_GREP=/usr/bin/grep
ac_cv_prog_AWK=gawk
ac_cv_prog_CPP='cc -E'
ac_cv_prog_ac_ct_AR=ar
ac_cv_prog_ac_ct_CC=cc
ac_cv_prog_ac_ct_RANLIB=ranlib
ac_cv_prog_ac_ct_STRIP=strip
ac_cv_prog_cc_c89=
ac_cv_prog_cc_cc_c_o=yes
ac_cv_prog_cc_g=yes
ac_cv_target=i686-pc-linux-gnu
lt_cv_deplibs_check_method=pass_all
lt_cv_file_magic_cmd='$MAGIC_CMD'
lt_cv_file_magic_test_file=
lt_cv_ld_reload_flag=-r
lt_cv_objdir=.libs
lt_cv_path_LD=/usr/i586-suse-linux/bin/ld
lt_cv_path_NM='/usr/bin/nm -B'
lt_cv_path_SED=/usr/bin/sed
lt_cv_prog_compiler_c_o=yes
lt_cv_prog_compiler_pic_works=yes
lt_cv_prog_compiler_rtti_exceptions=no
lt_cv_prog_compiler_static_works=yes
lt_cv_prog_gnu_ld=yes
lt_cv_sys_global_symbol_pipe='sed -n -e '\''s/^.*[ 	]\([ABCDGIRSTW][ABCDGIRSTW]*\)[ 	][ 	]*\([_A-Za-z][_A-Za-z0-9]*\)$/\1 \2 \2/p'\'''
lt_cv_sys_global_symbol_to_c_name_address='sed -n -e '\''s/^: \([^ ]*\) $/  {\"\1\", (lt_ptr) 0},/p'\'' -e '\''s/^[BCDEGRST] \([^ ]*\) \([^ ]*\)$/  {"\2", (lt_ptr) \&\2},/p'\'''
lt_cv_sys_global_symbol_to_cdecl='sed -n -e '\''s/^. .* \(.*\)$/extern int \1;/p'\'''
lt_cv_sys_lib_dlsearch_path_spec='/lib /usr/lib /usr/X11R6/lib/Xaw3d /usr/X11R6/lib /usr/lib/Xaw3d /usr/i386-suse-linux/lib /usr/local/lib /opt/kde3/lib /usr/lib/graphviz /usr/lib/graphviz/sharp /usr/lib/graphviz/java /usr/lib/graphviz/perl /usr/lib/graphviz/php /usr/lib/graphviz/ocaml /usr/lib/graphviz/python /usr/lib/graphviz/lua /usr/lib/graphviz/tcl /usr/lib/graphviz/guile /usr/lib/graphviz/ruby '
lt_cv_sys_lib_search_path_spec='/usr/lib/gcc/i586-suse-linux/4.4 /usr/i586-suse-linux/lib /usr/lib /lib'
lt_cv_sys_max_cmd_len=1572864
lt_lt_cv_prog_compiler_c_o='"yes"'
lt_lt_cv_sys_global_symbol_pipe='"sed -n -e '\''s/^.*[ 	]\\([ABCDGIRSTW][ABCDGIRSTW]*\\)[ 	][ 	]*\\([_A-Za-z][_A-Za-z0-9]*\\)\$/\\1 \\2 \\2/p'\''"'
lt_lt_cv_sys_global_symbol_to_c_name_address='"sed -n -e '\''s/^: \\([^ ]*\\) \$/  {\\\"\\1\\\", (lt_ptr) 0},/p'\'' -e '\''s/^[BCDEGRST] \\([^ ]*\\) \\([^ ]*\\)\$/  {\"\\2\", (lt_ptr) \\&\\2},/p'\''"'
lt_lt_cv_sys_global_symbol_to_cdecl='"sed -n -e '\''s/^. .* \\(.*\\)\$/extern int \\1;/p'\''"'
php_cv_cc_dashr=no
php_cv_cc_rpath=yes

## ----------------- ##
## Output variables. ##
## ----------------- ##

AR='ar'
AWK='gawk'
CC='cc'
CFLAGS='-g -O2'
CONFIGURE_COMMAND=' '\''./configure'\''  '\''--disable-option-checking'\'' '\''--prefix=/home/bud/newoctopusd/octopusd/t'\'' '\''--cache-file=/dev/null'\'' '\''--srcdir=.'\'''
CONFIGURE_OPTIONS=' '\''--disable-option-checking'\'' '\''--prefix=/home/bud/newoctopusd/octopusd/t'\'' '\''--cache-file=/dev/null'\'' '\''--srcdir=.'\'''
CPP='cc -E'
CPPFLAGS=' -DHAVE_CONFIG_H'
DEFS='-DHAVE_CONFIG_H'
DSYMUTIL=''
ECHO='echo'
ECHO_C=''
ECHO_N='-n'
ECHO_T=''
EGREP='/usr/bin/grep -E'
EXEEXT=''
GREP='/usr/bin/grep'
LDFLAGS=''
LIBOBJS=''
LIBS=''
LIBTOOL='$(SHELL) $(top_builddir)/libtool'
LN_S='ln -s'
LTLIBOBJS=''
NMEDIT=''
OBJEXT='o'
PACKAGE_BUGREPORT=''
PACKAGE_NAME=''
PACKAGE_STRING=''
PACKAGE_TARNAME=''
PACKAGE_VERSION=''
PATH_SEPARATOR=':'
RANLIB='ranlib'
RE2C='exit 0;'
SED='/usr/bin/sed'
SHELL='/bin/sh'
SHLIB_DL_SUFFIX_NAME='so'
SHLIB_SUFFIX_NAME='so'
STRIP='strip'
ac_ct_CC='cc'
bindir='${exec_prefix}/bin'
build='i686-pc-linux-gnu'
build_alias=''
build_cpu='i686'
build_os='linux-gnu'
build_vendor='pc'
datadir='${datarootdir}'
datarootdir='${prefix}/share'
docdir='${datarootdir}/doc/${PACKAGE}'
dvidir='${docdir}'
exec_prefix='$(prefix)'
host='i686-pc-linux-gnu'
host_alias='i686-pc-linux-gnu'
host_cpu='i686'
host_os='linux-gnu'
host_vendor='pc'
htmldir='${docdir}'
includedir='${prefix}/include'
infodir='${datarootdir}/info'
libdir='${exec_prefix}/lib'
libexecdir='${exec_prefix}/libexec'
localedir='${datarootdir}/locale'
localstatedir='${prefix}/var'
mandir='${datarootdir}/man'
oldincludedir='/usr/include'
pdfdir='${docdir}'
prefix='/usr'
program_transform_name='s,x,x,'
psdir='${docdir}'
sbindir='${exec_prefix}/sbin'
sharedstatedir='${prefix}/com'
sysconfdir='${prefix}/etc'
target='i686-pc-linux-gnu'
target_alias=''
target_cpu='i686'
target_os='linux-gnu'
target_vendor='pc'

## ----------- ##
## confdefs.h. ##
## ----------- ##

#define PACKAGE_NAME ""
#define PACKAGE_TARNAME ""
#define PACKAGE_VERSION ""
#define PACKAGE_STRING ""
#define PACKAGE_BUGREPORT ""
#define COMPILE_DL_OCTOPUS 1
#define STDC_HEADERS 1
#define HAVE_SYS_TYPES_H 1
#define HAVE_SYS_STAT_H 1
#define HAVE_STDLIB_H 1
#define HAVE_STRING_H 1
#define HAVE_MEMORY_H 1
#define HAVE_STRINGS_H 1
#define HAVE_INTTYPES_H 1
#define HAVE_STDINT_H 1
#define HAVE_UNISTD_H 1
#define HAVE_DLFCN_H 1

configure: exit 0
