This file contains any messages produced by compilers while
running configure, to aid debugging if configure makes a mistake.

It was created by octopusd configure 0.1, which was
generated by GNU Autoconf 2.63.  Invocation command line was

  $ ./configure --prefix=/home/bud/newoctopusd/octopusd/t --no-create --no-recursion

## --------- ##
## Platform. ##
## --------- ##

hostname = dev001
uname -m = i686
uname -r = 2.6.31.5-0.1-default
uname -s = Linux
uname -v = #1 SMP 2009-10-26 15:49:03 +0100

/usr/bin/uname -p = unknown
/bin/uname -X     = unknown

/bin/arch              = i686
/usr/bin/arch -k       = unknown
/usr/convex/getsysinfo = unknown
/usr/bin/hostinfo      = unknown
/bin/machine           = unknown
/usr/bin/oslevel       = unknown
/bin/universe          = unknown

PATH: /home/bud/bin
PATH: /usr/local/bin
PATH: /usr/bin
PATH: /bin
PATH: /usr/bin/X11
PATH: /usr/X11R6/bin
PATH: /usr/games
PATH: /usr/lib/jvm/jre/bin
PATH: /usr/lib/mit/bin
PATH: /usr/lib/mit/sbin


## ----------- ##
## Core tests. ##
## ----------- ##

configure:1847: checking for mv
configure:1865: found /bin/mv
configure:1878: result: /bin/mv
configure:1888: checking for rm
configure:1906: found /bin/rm
configure:1919: result: /bin/rm
configure:1929: checking for cp
configure:1947: found /bin/cp
configure:1960: result: /bin/cp
configure:1970: checking for sed
configure:1988: found /usr/bin/sed
configure:2001: result: /usr/bin/sed
configure:2011: checking for cmp
configure:2029: found /usr/bin/cmp
configure:2042: result: /usr/bin/cmp
configure:2052: checking for chmod
configure:2070: found /bin/chmod
configure:2083: result: /bin/chmod
configure:2093: checking for hostname
configure:2124: result: /bin/hostname
configure:2138: checking for gnutar
configure:2168: result: no
configure:2138: checking for gtar
configure:2168: result: no
configure:2138: checking for tar
configure:2154: found /bin/tar
configure:2165: result: tar
configure:2225: checking for gcc
configure:2241: found /usr/bin/gcc
configure:2252: result: gcc
configure:2484: checking for C compiler version
configure:2492: gcc --version >&5
gcc (SUSE Linux) 4.4.1 [gcc-4_4-branch revision 150839]
Copyright (C) 2009 Free Software Foundation, Inc.
This is free software; see the source for copying conditions.  There is NO
warranty; not even for MERCHANTABILITY or FITNESS FOR A PARTICULAR PURPOSE.

configure:2496: $? = 0
configure:2503: gcc -v >&5
Using built-in specs.
Target: i586-suse-linux
Configured with: ../configure --prefix=/usr --infodir=/usr/share/info --mandir=/usr/share/man --libdir=/usr/lib --libexecdir=/usr/lib --enable-languages=c,c++,objc,fortran,obj-c++,java,ada --enable-checking=release --with-gxx-include-dir=/usr/include/c++/4.4 --enable-ssp --disable-libssp --with-bugurl=http://bugs.opensuse.org/ --with-pkgversion='SUSE Linux' --disable-libgcj --disable-libmudflap --with-slibdir=/lib --with-system-zlib --enable-__cxa_atexit --enable-libstdcxx-allocator=new --disable-libstdcxx-pch --enable-version-specific-runtime-libs --program-suffix=-4.4 --enable-linux-futex --without-system-libunwind --with-arch-32=i586 --with-tune=generic --build=i586-suse-linux
Thread model: posix
gcc version 4.4.1 [gcc-4_4-branch revision 150839] (SUSE Linux) 
configure:2507: $? = 0
configure:2514: gcc -V >&5
gcc: '-V' option must have argument
configure:2518: $? = 1
configure:2541: checking for C compiler default output file name
configure:2563: gcc -O2 -Wimplicit -Wunused -Wcomment -Wchar-subscripts -Wuninitialized -Wshadow -Wcast-qual -Wcast-align -Wwrite-strings   conftest.c  >&5
configure:2567: $? = 0
configure:2605: result: a.out
configure:2624: checking whether the C compiler works
configure:2634: ./a.out
configure:2638: $? = 0
configure:2657: result: yes
configure:2664: checking whether we are cross compiling
configure:2666: result: no
configure:2669: checking for suffix of executables
configure:2676: gcc -o conftest -O2 -Wimplicit -Wunused -Wcomment -Wchar-subscripts -Wuninitialized -Wshadow -Wcast-qual -Wcast-align -Wwrite-strings   conftest.c  >&5
configure:2680: $? = 0
configure:2706: result: 
configure:2712: checking for suffix of object files
configure:2738: gcc -c -O2 -Wimplicit -Wunused -Wcomment -Wchar-subscripts -Wuninitialized -Wshadow -Wcast-qual -Wcast-align -Wwrite-strings  conftest.c >&5
configure:2742: $? = 0
configure:2767: result: o
configure:2771: checking whether we are using the GNU C compiler
configure:2800: gcc -c -O2 -Wimplicit -Wunused -Wcomment -Wchar-subscripts -Wuninitialized -Wshadow -Wcast-qual -Wcast-align -Wwrite-strings  conftest.c >&5
configure:2807: $? = 0
configure:2824: result: yes
configure:2833: checking whether gcc accepts -g
configure:2863: gcc -c -g  conftest.c >&5
configure:2870: $? = 0
configure:2971: result: yes
configure:2988: checking for gcc option to accept ISO C89
configure:3062: gcc  -c -O2 -Wimplicit -Wunused -Wcomment -Wchar-subscripts -Wuninitialized -Wshadow -Wcast-qual -Wcast-align -Wwrite-strings  conftest.c >&5
configure:3069: $? = 0
configure:3092: result: none needed
configure:3168: checking for g++
configure:3184: found /usr/bin/g++
configure:3195: result: g++
configure:3222: checking for C++ compiler version
configure:3230: g++ --version >&5
g++ (SUSE Linux) 4.4.1 [gcc-4_4-branch revision 150839]
Copyright (C) 2009 Free Software Foundation, Inc.
This is free software; see the source for copying conditions.  There is NO
warranty; not even for MERCHANTABILITY or FITNESS FOR A PARTICULAR PURPOSE.

configure:3234: $? = 0
configure:3241: g++ -v >&5
Using built-in specs.
Target: i586-suse-linux
Configured with: ../configure --prefix=/usr --infodir=/usr/share/info --mandir=/usr/share/man --libdir=/usr/lib --libexecdir=/usr/lib --enable-languages=c,c++,objc,fortran,obj-c++,java,ada --enable-checking=release --with-gxx-include-dir=/usr/include/c++/4.4 --enable-ssp --disable-libssp --with-bugurl=http://bugs.opensuse.org/ --with-pkgversion='SUSE Linux' --disable-libgcj --disable-libmudflap --with-slibdir=/lib --with-system-zlib --enable-__cxa_atexit --enable-libstdcxx-allocator=new --disable-libstdcxx-pch --enable-version-specific-runtime-libs --program-suffix=-4.4 --enable-linux-futex --without-system-libunwind --with-arch-32=i586 --with-tune=generic --build=i586-suse-linux
Thread model: posix
gcc version 4.4.1 [gcc-4_4-branch revision 150839] (SUSE Linux) 
configure:3245: $? = 0
configure:3252: g++ -V >&5
g++: '-V' option must have argument
configure:3256: $? = 1
configure:3259: checking whether we are using the GNU C++ compiler
configure:3288: g++ -c   conftest.cpp >&5
configure:3295: $? = 0
configure:3312: result: yes
configure:3321: checking whether g++ accepts -g
configure:3351: g++ -c -g  conftest.cpp >&5
configure:3358: $? = 0
configure:3459: result: yes
configure:3527: checking for a BSD-compatible install
configure:3595: result: /usr/bin/install -c
configure:3606: checking whether ln -s works
configure:3610: result: yes
configure:3660: checking for ranlib
configure:3676: found /usr/bin/ranlib
configure:3687: result: ranlib
configure:3719: checking whether build environment is sane
configure:3779: result: yes
configure:3920: checking for a thread-safe mkdir -p
configure:3959: result: /bin/mkdir -p
configure:3972: checking for gawk
configure:3988: found /usr/bin/gawk
configure:3999: result: gawk
configure:4010: checking whether make sets $(MAKE)
configure:4032: result: yes
configure:4123: checking how to run the C preprocessor
configure:4163: gcc -E  conftest.c
configure:4170: $? = 0
configure:4201: gcc -E  conftest.c
conftest.c:10:28: error: ac_nonexistent.h: No such file or directory
configure:4208: $? = 1
configure: failed program was:
| /* confdefs.h.  */
| #define PACKAGE_NAME "octopusd"
| #define PACKAGE_TARNAME "octopusd"
| #define PACKAGE_VERSION "0.1"
| #define PACKAGE_STRING "octopusd 0.1"
| #define PACKAGE_BUGREPORT "upidea@gmail.com"
| #define PACKAGE "octopusd"
| #define VERSION "0.1"
| /* end confdefs.h.  */
| #include <ac_nonexistent.h>
configure:4241: result: gcc -E
configure:4270: gcc -E  conftest.c
configure:4277: $? = 0
configure:4308: gcc -E  conftest.c
conftest.c:10:28: error: ac_nonexistent.h: No such file or directory
configure:4315: $? = 1
configure: failed program was:
| /* confdefs.h.  */
| #define PACKAGE_NAME "octopusd"
| #define PACKAGE_TARNAME "octopusd"
| #define PACKAGE_VERSION "0.1"
| #define PACKAGE_STRING "octopusd 0.1"
| #define PACKAGE_BUGREPORT "upidea@gmail.com"
| #define PACKAGE "octopusd"
| #define VERSION "0.1"
| /* end confdefs.h.  */
| #include <ac_nonexistent.h>
configure:4355: checking for grep that handles long lines and -e
configure:4415: result: /usr/bin/grep
configure:4420: checking for egrep
configure:4484: result: /usr/bin/grep -E
configure:4489: checking for ANSI C header files
configure:4519: gcc -c -O2 -Wimplicit -Wunused -Wcomment -Wchar-subscripts -Wuninitialized -Wshadow -Wcast-qual -Wcast-align -Wwrite-strings  conftest.c >&5
configure:4526: $? = 0
configure:4625: gcc -o conftest -O2 -Wimplicit -Wunused -Wcomment -Wchar-subscripts -Wuninitialized -Wshadow -Wcast-qual -Wcast-align -Wwrite-strings   conftest.c  >&5
configure:4629: $? = 0
configure:4635: ./conftest
configure:4639: $? = 0
configure:4657: result: yes
configure:4667: checking whether time.h and sys/time.h may both be included
configure:4697: gcc -c -O2 -Wimplicit -Wunused -Wcomment -Wchar-subscripts -Wuninitialized -Wshadow -Wcast-qual -Wcast-align -Wwrite-strings  conftest.c >&5
configure:4704: $? = 0
configure:4719: result: yes
configure:4743: checking for sys/types.h
configure:4764: gcc -c -O2 -Wimplicit -Wunused -Wcomment -Wchar-subscripts -Wuninitialized -Wshadow -Wcast-qual -Wcast-align -Wwrite-strings  conftest.c >&5
configure:4771: $? = 0
configure:4788: result: yes
configure:4743: checking for sys/stat.h
configure:4764: gcc -c -O2 -Wimplicit -Wunused -Wcomment -Wchar-subscripts -Wuninitialized -Wshadow -Wcast-qual -Wcast-align -Wwrite-strings  conftest.c >&5
configure:4771: $? = 0
configure:4788: result: yes
configure:4743: checking for stdlib.h
configure:4764: gcc -c -O2 -Wimplicit -Wunused -Wcomment -Wchar-subscripts -Wuninitialized -Wshadow -Wcast-qual -Wcast-align -Wwrite-strings  conftest.c >&5
configure:4771: $? = 0
configure:4788: result: yes
configure:4743: checking for string.h
configure:4764: gcc -c -O2 -Wimplicit -Wunused -Wcomment -Wchar-subscripts -Wuninitialized -Wshadow -Wcast-qual -Wcast-align -Wwrite-strings  conftest.c >&5
configure:4771: $? = 0
configure:4788: result: yes
configure:4743: checking for memory.h
configure:4764: gcc -c -O2 -Wimplicit -Wunused -Wcomment -Wchar-subscripts -Wuninitialized -Wshadow -Wcast-qual -Wcast-align -Wwrite-strings  conftest.c >&5
configure:4771: $? = 0
configure:4788: result: yes
configure:4743: checking for strings.h
configure:4764: gcc -c -O2 -Wimplicit -Wunused -Wcomment -Wchar-subscripts -Wuninitialized -Wshadow -Wcast-qual -Wcast-align -Wwrite-strings  conftest.c >&5
configure:4771: $? = 0
configure:4788: result: yes
configure:4743: checking for inttypes.h
configure:4764: gcc -c -O2 -Wimplicit -Wunused -Wcomment -Wchar-subscripts -Wuninitialized -Wshadow -Wcast-qual -Wcast-align -Wwrite-strings  conftest.c >&5
configure:4771: $? = 0
configure:4788: result: yes
configure:4743: checking for stdint.h
configure:4764: gcc -c -O2 -Wimplicit -Wunused -Wcomment -Wchar-subscripts -Wuninitialized -Wshadow -Wcast-qual -Wcast-align -Wwrite-strings  conftest.c >&5
configure:4771: $? = 0
configure:4788: result: yes
configure:4743: checking for unistd.h
configure:4764: gcc -c -O2 -Wimplicit -Wunused -Wcomment -Wchar-subscripts -Wuninitialized -Wshadow -Wcast-qual -Wcast-align -Wwrite-strings  conftest.c >&5
configure:4771: $? = 0
configure:4788: result: yes
configure:4822: checking dirent.h usability
configure:4839: gcc -c -O2 -Wimplicit -Wunused -Wcomment -Wchar-subscripts -Wuninitialized -Wshadow -Wcast-qual -Wcast-align -Wwrite-strings  conftest.c >&5
configure:4846: $? = 0
configure:4860: result: yes
configure:4864: checking dirent.h presence
configure:4879: gcc -E  conftest.c
configure:4886: $? = 0
configure:4900: result: yes
configure:4933: checking for dirent.h
configure:4942: result: yes
configure:4822: checking sys/select.h usability
configure:4839: gcc -c -O2 -Wimplicit -Wunused -Wcomment -Wchar-subscripts -Wuninitialized -Wshadow -Wcast-qual -Wcast-align -Wwrite-strings  conftest.c >&5
configure:4846: $? = 0
configure:4860: result: yes
configure:4864: checking sys/select.h presence
configure:4879: gcc -E  conftest.c
configure:4886: $? = 0
configure:4900: result: yes
configure:4933: checking for sys/select.h
configure:4942: result: yes
configure:4822: checking sys/shm.h usability
configure:4839: gcc -c -O2 -Wimplicit -Wunused -Wcomment -Wchar-subscripts -Wuninitialized -Wshadow -Wcast-qual -Wcast-align -Wwrite-strings  conftest.c >&5
configure:4846: $? = 0
configure:4860: result: yes
configure:4864: checking sys/shm.h presence
configure:4879: gcc -E  conftest.c
configure:4886: $? = 0
configure:4900: result: yes
configure:4933: checking for sys/shm.h
configure:4942: result: yes
configure:4822: checking sys/sem.h usability
configure:4839: gcc -c -O2 -Wimplicit -Wunused -Wcomment -Wchar-subscripts -Wuninitialized -Wshadow -Wcast-qual -Wcast-align -Wwrite-strings  conftest.c >&5
configure:4846: $? = 0
configure:4860: result: yes
configure:4864: checking sys/sem.h presence
configure:4879: gcc -E  conftest.c
configure:4886: $? = 0
configure:4900: result: yes
configure:4933: checking for sys/sem.h
configure:4942: result: yes
configure:4822: checking pthread.h usability
configure:4839: gcc -c -O2 -Wimplicit -Wunused -Wcomment -Wchar-subscripts -Wuninitialized -Wshadow -Wcast-qual -Wcast-align -Wwrite-strings  conftest.c >&5
configure:4846: $? = 0
configure:4860: result: yes
configure:4864: checking pthread.h presence
configure:4879: gcc -E  conftest.c
configure:4886: $? = 0
configure:4900: result: yes
configure:4933: checking for pthread.h
configure:4942: result: yes
configure:4960: checking whether byte ordering is bigendian
configure:4985: gcc -c -O2 -Wimplicit -Wunused -Wcomment -Wchar-subscripts -Wuninitialized -Wshadow -Wcast-qual -Wcast-align -Wwrite-strings  conftest.c >&5
conftest.c:27: error: expected '=', ',', ';', 'asm' or '__attribute__' before 'a'
configure:4992: $? = 1
configure: failed program was:
| /* confdefs.h.  */
| #define PACKAGE_NAME "octopusd"
| #define PACKAGE_TARNAME "octopusd"
| #define PACKAGE_VERSION "0.1"
| #define PACKAGE_STRING "octopusd 0.1"
| #define PACKAGE_BUGREPORT "upidea@gmail.com"
| #define PACKAGE "octopusd"
| #define VERSION "0.1"
| #define STDC_HEADERS 1
| #define TIME_WITH_SYS_TIME 1
| #define HAVE_SYS_TYPES_H 1
| #define HAVE_SYS_STAT_H 1
| #define HAVE_STDLIB_H 1
| #define HAVE_STRING_H 1
| #define HAVE_MEMORY_H 1
| #define HAVE_STRINGS_H 1
| #define HAVE_INTTYPES_H 1
| #define HAVE_STDINT_H 1
| #define HAVE_UNISTD_H 1
| #define HAVE_DIRENT_H 1
| #define HAVE_SYS_SELECT_H 1
| #define HAVE_SYS_SHM_H 1
| #define HAVE_SYS_SEM_H 1
| #define HAVE_PTHREAD_H 1
| /* end confdefs.h.  */
| #ifndef __APPLE_CC__
| 	       not a universal capable compiler
| 	     #endif
| 	     typedef int dummy;
| 
configure:5042: gcc -c -O2 -Wimplicit -Wunused -Wcomment -Wchar-subscripts -Wuninitialized -Wshadow -Wcast-qual -Wcast-align -Wwrite-strings  conftest.c >&5
configure:5049: $? = 0
configure:5081: gcc -c -O2 -Wimplicit -Wunused -Wcomment -Wchar-subscripts -Wuninitialized -Wshadow -Wcast-qual -Wcast-align -Wwrite-strings  conftest.c >&5
conftest.c: In function 'main':
conftest.c:33: error: 'not' undeclared (first use in this function)
conftest.c:33: error: (Each undeclared identifier is reported only once
conftest.c:33: error: for each function it appears in.)
conftest.c:33: error: expected ';' before 'big'
configure:5088: $? = 1
configure: failed program was:
| /* confdefs.h.  */
| #define PACKAGE_NAME "octopusd"
| #define PACKAGE_TARNAME "octopusd"
| #define PACKAGE_VERSION "0.1"
| #define PACKAGE_STRING "octopusd 0.1"
| #define PACKAGE_BUGREPORT "upidea@gmail.com"
| #define PACKAGE "octopusd"
| #define VERSION "0.1"
| #define STDC_HEADERS 1
| #define TIME_WITH_SYS_TIME 1
| #define HAVE_SYS_TYPES_H 1
| #define HAVE_SYS_STAT_H 1
| #define HAVE_STDLIB_H 1
| #define HAVE_STRING_H 1
| #define HAVE_MEMORY_H 1
| #define HAVE_STRINGS_H 1
| #define HAVE_INTTYPES_H 1
| #define HAVE_STDINT_H 1
| #define HAVE_UNISTD_H 1
| #define HAVE_DIRENT_H 1
| #define HAVE_SYS_SELECT_H 1
| #define HAVE_SYS_SHM_H 1
| #define HAVE_SYS_SEM_H 1
| #define HAVE_PTHREAD_H 1
| /* end confdefs.h.  */
| #include <sys/types.h>
| 		#include <sys/param.h>
| 
| int
| main ()
| {
| #if BYTE_ORDER != BIG_ENDIAN
| 		 not big endian
| 		#endif
| 
|   ;
|   return 0;
| }
configure:5340: result: no
configure:5365: checking for an ANSI C-conforming const
configure:5440: gcc -c -O2 -Wimplicit -Wunused -Wcomment -Wchar-subscripts -Wuninitialized -Wshadow -Wcast-qual -Wcast-align -Wwrite-strings  conftest.c >&5
conftest.c: In function 'main':
conftest.c:49: warning: cast discards qualifiers from pointer target type
conftest.c:55: warning: 't' is used uninitialized in this function
conftest.c:71: warning: 'b' is used uninitialized in this function
conftest.c:34: warning: 'cs[0]' is used uninitialized in this function
configure:5447: $? = 0
configure:5462: result: yes
configure:5472: checking for inline
configure:5498: gcc -c -O2 -Wimplicit -Wunused -Wcomment -Wchar-subscripts -Wuninitialized -Wshadow -Wcast-qual -Wcast-align -Wwrite-strings  conftest.c >&5
configure:5505: $? = 0
configure:5523: result: inline
configure:5544: checking for long double with more range or precision than double
configure:5589: gcc -c -O2 -Wimplicit -Wunused -Wcomment -Wchar-subscripts -Wuninitialized -Wshadow -Wcast-qual -Wcast-align -Wwrite-strings  conftest.c >&5
configure:5596: $? = 0
configure:5611: result: yes
configure:5634: checking size of int
configure:5939: gcc -o conftest -O2 -Wimplicit -Wunused -Wcomment -Wchar-subscripts -Wuninitialized -Wshadow -Wcast-qual -Wcast-align -Wwrite-strings   conftest.c  >&5
configure:5943: $? = 0
configure:5949: ./conftest
configure:5953: $? = 0
configure:5979: result: 4
configure:5993: checking size of unsigned long long
configure:6298: gcc -o conftest -O2 -Wimplicit -Wunused -Wcomment -Wchar-subscripts -Wuninitialized -Wshadow -Wcast-qual -Wcast-align -Wwrite-strings   conftest.c  >&5
configure:6302: $? = 0
configure:6308: ./conftest
configure:6312: $? = 0
configure:6338: result: 8
configure:6360: checking for flock
configure:6416: gcc -o conftest -O2 -Wimplicit -Wunused -Wcomment -Wchar-subscripts -Wuninitialized -Wshadow -Wcast-qual -Wcast-align -Wwrite-strings   conftest.c  >&5
configure:6423: $? = 0
configure:6445: result: yes
configure:6360: checking for setgroups
configure:6416: gcc -o conftest -O2 -Wimplicit -Wunused -Wcomment -Wchar-subscripts -Wuninitialized -Wshadow -Wcast-qual -Wcast-align -Wwrite-strings   conftest.c  >&5
configure:6423: $? = 0
configure:6445: result: yes
configure:6360: checking for sigprocmask
configure:6416: gcc -o conftest -O2 -Wimplicit -Wunused -Wcomment -Wchar-subscripts -Wuninitialized -Wshadow -Wcast-qual -Wcast-align -Wwrite-strings   conftest.c  >&5
configure:6423: $? = 0
configure:6445: result: yes
configure:6360: checking for mkfifo
configure:6416: gcc -o conftest -O2 -Wimplicit -Wunused -Wcomment -Wchar-subscripts -Wuninitialized -Wshadow -Wcast-qual -Wcast-align -Wwrite-strings   conftest.c  >&5
configure:6423: $? = 0
configure:6445: result: yes
configure:6360: checking for sigaction
configure:6416: gcc -o conftest -O2 -Wimplicit -Wunused -Wcomment -Wchar-subscripts -Wuninitialized -Wshadow -Wcast-qual -Wcast-align -Wwrite-strings   conftest.c  >&5
configure:6423: $? = 0
configure:6445: result: yes
configure:6360: checking for waitpid
configure:6416: gcc -o conftest -O2 -Wimplicit -Wunused -Wcomment -Wchar-subscripts -Wuninitialized -Wshadow -Wcast-qual -Wcast-align -Wwrite-strings   conftest.c  >&5
configure:6423: $? = 0
configure:6445: result: yes
configure:6360: checking for poll
configure:6416: gcc -o conftest -O2 -Wimplicit -Wunused -Wcomment -Wchar-subscripts -Wuninitialized -Wshadow -Wcast-qual -Wcast-align -Wwrite-strings   conftest.c  >&5
configure:6423: $? = 0
configure:6445: result: yes
configure:6459: checking turn on debug
configure:6476: result:  off
configure:6505: checking Weather use mysql config setttings 
configure:6513: result:  NODB
configure:6648: creating ./config.status

## ---------------- ##
## Cache variables. ##
## ---------------- ##

ac_cv_c_bigendian=no
ac_cv_c_compiler_gnu=yes
ac_cv_c_const=yes
ac_cv_c_inline=inline
ac_cv_c_long_double=yes
ac_cv_cxx_compiler_gnu=yes
ac_cv_env_CCC_set=
ac_cv_env_CCC_value=
ac_cv_env_CC_set=
ac_cv_env_CC_value=
ac_cv_env_CFLAGS_set=
ac_cv_env_CFLAGS_value=
ac_cv_env_CPPFLAGS_set=
ac_cv_env_CPPFLAGS_value=
ac_cv_env_CPP_set=
ac_cv_env_CPP_value=
ac_cv_env_CXXFLAGS_set=
ac_cv_env_CXXFLAGS_value=
ac_cv_env_CXX_set=
ac_cv_env_CXX_value=
ac_cv_env_LDFLAGS_set=
ac_cv_env_LDFLAGS_value=
ac_cv_env_LIBS_set=
ac_cv_env_LIBS_value=
ac_cv_env_build_alias_set=
ac_cv_env_build_alias_value=
ac_cv_env_host_alias_set=
ac_cv_env_host_alias_value=
ac_cv_env_target_alias_set=
ac_cv_env_target_alias_value=
ac_cv_func_flock=yes
ac_cv_func_mkfifo=yes
ac_cv_func_poll=yes
ac_cv_func_setgroups=yes
ac_cv_func_sigaction=yes
ac_cv_func_sigprocmask=yes
ac_cv_func_waitpid=yes
ac_cv_header_dirent_h=yes
ac_cv_header_inttypes_h=yes
ac_cv_header_memory_h=yes
ac_cv_header_pthread_h=yes
ac_cv_header_stdc=yes
ac_cv_header_stdint_h=yes
ac_cv_header_stdlib_h=yes
ac_cv_header_string_h=yes
ac_cv_header_strings_h=yes
ac_cv_header_sys_select_h=yes
ac_cv_header_sys_sem_h=yes
ac_cv_header_sys_shm_h=yes
ac_cv_header_sys_stat_h=yes
ac_cv_header_sys_types_h=yes
ac_cv_header_time=yes
ac_cv_header_unistd_h=yes
ac_cv_objext=o
ac_cv_path_CHMOD=/bin/chmod
ac_cv_path_CMP=/usr/bin/cmp
ac_cv_path_CP=/bin/cp
ac_cv_path_EGREP='/usr/bin/grep -E'
ac_cv_path_GREP=/usr/bin/grep
ac_cv_path_HOSTNAME=/bin/hostname
ac_cv_path_MV=/bin/mv
ac_cv_path_RM=/bin/rm
ac_cv_path_SED=/usr/bin/sed
ac_cv_path_install='/usr/bin/install -c'
ac_cv_path_mkdir=/bin/mkdir
ac_cv_prog_AWK=gawk
ac_cv_prog_CPP='gcc -E'
ac_cv_prog_TAR=tar
ac_cv_prog_ac_ct_CC=gcc
ac_cv_prog_ac_ct_CXX=g++
ac_cv_prog_ac_ct_RANLIB=ranlib
ac_cv_prog_cc_c89=
ac_cv_prog_cc_g=yes
ac_cv_prog_cxx_g=yes
ac_cv_prog_make_make_set=yes
ac_cv_sizeof_int=4
ac_cv_sizeof_unsigned_long_long=8
ac_cv_type_long_double_wider=yes

## ----------------- ##
## Output variables. ##
## ----------------- ##

ACLOCAL='${SHELL} /home/bud/newoctopusd/x/octopusd/missing --run aclocal-1.11'
AMTAR='${SHELL} /home/bud/newoctopusd/x/octopusd/missing --run tar'
AUTOCONF='${SHELL} /home/bud/newoctopusd/x/octopusd/missing --run autoconf'
AUTOHEADER='${SHELL} /home/bud/newoctopusd/x/octopusd/missing --run autoheader'
AUTOMAKE='${SHELL} /home/bud/newoctopusd/x/octopusd/missing --run automake-1.11'
AWK='gawk'
CC='gcc'
CFLAGS='-O2 -Wimplicit -Wunused -Wcomment -Wchar-subscripts -Wuninitialized -Wshadow -Wcast-qual -Wcast-align -Wwrite-strings'
CHMOD='/bin/chmod'
CMP='/usr/bin/cmp'
CP='/bin/cp'
CPP='gcc -E'
CPPFLAGS=' -DNODB'
CXX='g++'
CXXFLAGS='-g -O2'
CYGPATH_W='echo'
DEFS='-DHAVE_CONFIG_H'
ECHO_C=''
ECHO_N='-n'
ECHO_T=''
EGREP='/usr/bin/grep -E'
EXEEXT=''
GREP='/usr/bin/grep'
HOSTNAME='/bin/hostname'
INSTALL_DATA='${INSTALL} -m 644'
INSTALL_PROGRAM='${INSTALL}'
INSTALL_SCRIPT='${INSTALL}'
INSTALL_STRIP_PROGRAM='$(install_sh) -c -s'
LDFLAGS=''
LIBOBJS=''
LIBS=''
LN_S='ln -s'
LTLIBOBJS=''
MAKEINFO='${SHELL} /home/bud/newoctopusd/x/octopusd/missing --run makeinfo'
MKDIR_P='/bin/mkdir -p'
MV='/bin/mv'
OBJEXT='o'
PACKAGE='octopusd'
PACKAGE_BUGREPORT='upidea@gmail.com'
PACKAGE_NAME='octopusd'
PACKAGE_STRING='octopusd 0.1'
PACKAGE_TARNAME='octopusd'
PACKAGE_VERSION='0.1'
PATH_SEPARATOR=':'
RANLIB='ranlib'
RM='/bin/rm'
SED='/usr/bin/sed'
SET_MAKE=''
SHELL='/bin/sh'
STRIP=''
TAR='tar'
VERSION='0.1'
WITHMYSQLCONFIG_FALSE=''
WITHMYSQLCONFIG_TRUE='#'
ac_ct_CC='gcc'
ac_ct_CXX='g++'
am__EXEEXT_FALSE=''
am__EXEEXT_TRUE='#'
am__isrc=''
am__leading_dot='.'
am__tar='${AMTAR} chof - "$$tardir"'
am__untar='${AMTAR} xf -'
bindir='${exec_prefix}/bin'
build_alias=''
datadir='${datarootdir}'
datarootdir='${prefix}/share'
docdir='${datarootdir}/doc/${PACKAGE_TARNAME}'
dvidir='${docdir}'
exec_prefix='${prefix}'
host_alias=''
htmldir='${docdir}'
includedir='${prefix}/include'
infodir='${datarootdir}/info'
install_sh='${SHELL} /home/bud/newoctopusd/x/octopusd/install-sh'
libdir='${exec_prefix}/lib'
libexecdir='${exec_prefix}/libexec'
localedir='${datarootdir}/locale'
localstatedir='${prefix}/var'
mandir='${datarootdir}/man'
mkdir_p='/bin/mkdir -p'
oldincludedir='/usr/include'
pdfdir='${docdir}'
prefix='/home/bud/newoctopusd/octopusd/t'
program_transform_name='s,x,x,'
psdir='${docdir}'
sbindir='${exec_prefix}/sbin'
sharedstatedir='${prefix}/com'
subdirs=' octopusd_phpext'
sysconfdir='${prefix}/etc'
target_alias=''

## ----------- ##
## confdefs.h. ##
## ----------- ##

#define PACKAGE_NAME "octopusd"
#define PACKAGE_TARNAME "octopusd"
#define PACKAGE_VERSION "0.1"
#define PACKAGE_STRING "octopusd 0.1"
#define PACKAGE_BUGREPORT "upidea@gmail.com"
#define PACKAGE "octopusd"
#define VERSION "0.1"
#define STDC_HEADERS 1
#define TIME_WITH_SYS_TIME 1
#define HAVE_SYS_TYPES_H 1
#define HAVE_SYS_STAT_H 1
#define HAVE_STDLIB_H 1
#define HAVE_STRING_H 1
#define HAVE_MEMORY_H 1
#define HAVE_STRINGS_H 1
#define HAVE_INTTYPES_H 1
#define HAVE_STDINT_H 1
#define HAVE_UNISTD_H 1
#define HAVE_DIRENT_H 1
#define HAVE_SYS_SELECT_H 1
#define HAVE_SYS_SHM_H 1
#define HAVE_SYS_SEM_H 1
#define HAVE_PTHREAD_H 1
#define HAVE_LONG_DOUBLE_WIDER 1
#define HAVE_LONG_DOUBLE 1
#define SIZEOF_INT 4
#define SIZEOF_UNSIGNED_LONG_LONG 8
#define HAVE_FLOCK 1
#define HAVE_SETGROUPS 1
#define HAVE_SIGPROCMASK 1
#define HAVE_MKFIFO 1
#define HAVE_SIGACTION 1
#define HAVE_WAITPID 1
#define HAVE_POLL 1
#define NODB /**/

configure: exit 0

## ---------------------- ##
## Running config.status. ##
## ---------------------- ##

This file was extended by octopusd config.status 0.1, which was
generated by GNU Autoconf 2.63.  Invocation command line was

  CONFIG_FILES    = 
  CONFIG_HEADERS  = 
  CONFIG_LINKS    = 
  CONFIG_COMMANDS = 
  $ ./config.status 

on dev001

config.status:790: creating Makefile
config.status:790: creating src/Makefile
config.status:790: creating cfg/Makefile
config.status:790: creating log/Makefile
config.status:790: creating dat/Makefile
config.status:790: creating sharelib/Makefile
config.status:790: creating config.h
config.status:1012: config.h is unchanged
