[2008-05-03 22:06:31 709345][135960656] newoctopusd begin to running......
[2008-05-03 22:06:31 709691][135960656] ===Init logmng module successfully===
[2008-05-03 22:06:31 710009][135960656] Begin to read /home/bud/SiteWizard/d4/cfg/common.cfg ......
[2008-05-03 22:06:31 710961][135960656] Read /home/bud/SiteWizard/d4/cfg/common.cfg Successfully.
[2008-05-03 22:06:31 711247][135960656] Begin to read /home/bud/SiteWizard/d4/cfg/siteinfo.cfg ......
[2008-05-03 22:06:31 712080][135960656] Read /home/bud/SiteWizard/d4/cfg/siteinfo.cfg successfully.
[2008-05-03 22:06:31 712425][135960656] ===Init configmng module successfully===
[2008-05-03 22:06:31 712687][135960656] Begin to create ShareMem(/home/bud/SiteWizard/d4/bin, 0)......
[2008-05-03 22:06:31 713001][135960656] Create ShareMem(id=53e88) successfully.
[2008-05-03 22:06:31 713263][135960656] ===Init maintain module successfully===
[2008-05-03 22:06:31 713512][135960656] Begin to create socket server(ALL, 8123)......
[2008-05-03 22:06:31 713816][135960656] Create socket server(ALL, 8123) successfully
[2008-05-03 22:06:31 714065][135960656] ===Create server(ALL,8123) socket listen successfully===
[2008-05-03 22:06:31 714352][135960656] ===Init queuemng module successfully===
[2008-05-03 22:06:31 714599][135960656] Begin to create ConnectThread(1)......
[2008-05-03 22:06:31 714896][135960656] Begin to create RecvThread(30)......
[2008-05-03 22:06:31 716373][135960656] Begin to create P_MaintainThread(1)......
[2008-05-03 22:06:31 716678][135960656] Begin to create R_MaintainThread(1)......
[2008-05-03 22:06:31 716979][135960656] ===Init all child thread successfully===
[2008-05-03 22:06:31 717259][135960656] newoctopusd(135960656) starts successfully and is running......
[2008-05-03 22:06:31 718451][135960656] Send message:章鱼报警[PleaseAddFlagName][ALL]系统启动成功，运行中...... to 13827437434
[2008-05-03 22:06:31 811143][3086842768] ConnectthreadID = 3086842768 PID = 22835
[2008-05-03 22:06:31 811479][3078450064] RecvthreadID = 3078450064 PID = 22835
[2008-05-03 22:06:31 811813][3070057360] RecvthreadID = 3070057360 PID = 22835
[2008-05-03 22:06:31 812131][3061664656] RecvthreadID = 3061664656 PID = 22835
[2008-05-03 22:06:31 812426][3053271952] RecvthreadID = 3053271952 PID = 22835
[2008-05-03 22:06:31 812724][3044879248] RecvthreadID = 3044879248 PID = 22835
[2008-05-03 22:06:31 813015][3036486544] RecvthreadID = 3036486544 PID = 22835
[2008-05-03 22:06:31 813309][3028093840] RecvthreadID = 3028093840 PID = 22835
[2008-05-03 22:06:31 813597][3019701136] RecvthreadID = 3019701136 PID = 22835
[2008-05-03 22:06:31 813867][3011308432] RecvthreadID = 3011308432 PID = 22835
[2008-05-03 22:06:31 814151][3002915728] RecvthreadID = 3002915728 PID = 22835
[2008-05-03 22:06:31 814435][2994523024] RecvthreadID = 2994523024 PID = 22835
[2008-05-03 22:06:31 814717][2986130320] RecvthreadID = 2986130320 PID = 22835
[2008-05-03 22:06:31 814999][2977737616] RecvthreadID = 2977737616 PID = 22835
[2008-05-03 22:06:31 815281][2969344912] RecvthreadID = 2969344912 PID = 22835
[2008-05-03 22:06:31 815564][2960952208] RecvthreadID = 2960952208 PID = 22835
[2008-05-03 22:06:31 815881][2952559504] RecvthreadID = 2952559504 PID = 22835
[2008-05-03 22:06:31 816328][2944166800] RecvthreadID = 2944166800 PID = 22835
[2008-05-03 22:06:31 816625][2935774096] RecvthreadID = 2935774096 PID = 22835
[2008-05-03 22:06:31 816920][2927381392] RecvthreadID = 2927381392 PID = 22835
[2008-05-03 22:06:31 817213][2918988688] RecvthreadID = 2918988688 PID = 22835
[2008-05-03 22:06:31 817504][2910595984] RecvthreadID = 2910595984 PID = 22835
[2008-05-03 22:06:31 817796][2902203280] RecvthreadID = 2902203280 PID = 22835
[2008-05-03 22:06:31 818089][2893810576] RecvthreadID = 2893810576 PID = 22835
[2008-05-03 22:06:31 818382][2885417872] RecvthreadID = 2885417872 PID = 22835
[2008-05-03 22:06:31 818733][2877025168] RecvthreadID = 2877025168 PID = 22835
[2008-05-03 22:06:31 819026][2868632464] RecvthreadID = 2868632464 PID = 22835
[2008-05-03 22:06:31 819214][2860239760] RecvthreadID = 2860239760 PID = 22835
[2008-05-03 22:06:31 819319][2851847056] RecvthreadID = 2851847056 PID = 22835
[2008-05-03 22:06:31 819476][2843454352] RecvthreadID = 2843454352 PID = 22835
[2008-05-03 22:06:31 819580][2835061648] RecvthreadID = 2835061648 PID = 22835
[2008-05-03 22:06:31 819677][2826668944] P_MaintainthreadID = 2826668944 PID = 22835
[2008-05-03 22:06:31 819781][2818276240] R_MaintainthreadID = 2818276240 PID = 22835
[2008-05-03 22:06:41 716971][135960656] Connect to Server(172.16.19.55) failed, checksocket timeout.
[2008-05-03 22:10:09 387106][135960656] newoctopusd begin to running......
[2008-05-03 22:10:09 387313][135960656] ===Init logmng module successfully===
[2008-05-03 22:10:09 387416][135960656] Begin to read /home/bud/SiteWizard/d4/cfg/common.cfg ......
[2008-05-03 22:10:09 388102][135960656] Read /home/bud/SiteWizard/d4/cfg/common.cfg Successfully.
[2008-05-03 22:10:09 388197][135960656] Begin to read /home/bud/SiteWizard/d4/cfg/siteinfo.cfg ......
[2008-05-03 22:10:09 388744][135960656] Read /home/bud/SiteWizard/d4/cfg/siteinfo.cfg successfully.
[2008-05-03 22:10:09 388886][135960656] ===Init configmng module successfully===
[2008-05-03 22:10:09 388966][135960656] Begin to create ShareMem(/home/bud/SiteWizard/d4/bin, 0)......
[2008-05-03 22:10:09 389081][135960656] ShareMem(id=53e88) exist, use it.
[2008-05-03 22:10:09 389180][135960656] ===Init maintain module successfully===
[2008-05-03 22:10:09 389259][135960656] Begin to create socket server(ALL, 8123)......
[2008-05-03 22:10:09 389396][135960656] Create socket server(ALL, 8123) successfully
[2008-05-03 22:10:09 389474][135960656] ===Create server(ALL,8123) socket listen successfully===
[2008-05-03 22:10:09 389574][135960656] ===Init queuemng module successfully===
[2008-05-03 22:10:09 389668][135960656] Begin to create ConnectThread(1)......
[2008-05-03 22:10:09 389790][135960656] Begin to create RecvThread(30)......
[2008-05-03 22:10:09 392138][135960656] Begin to create P_MaintainThread(1)......
[2008-05-03 22:10:09 392303][135960656] Begin to create R_MaintainThread(1)......
[2008-05-03 22:10:09 392425][135960656] ===Init all child thread successfully===
[2008-05-03 22:10:09 392509][135960656] newoctopusd(135960656) starts successfully and is running......
[2008-05-03 22:10:09 393002][135960656] Send message:章鱼报警[PleaseAddFlagName][ALL]系统启动成功，运行中...... to 13827437434
[2008-05-03 22:10:09 487071][3086666640] ConnectthreadID = 3086666640 PID = 23935
[2008-05-03 22:10:09 487205][3078273936] RecvthreadID = 3078273936 PID = 23935
[2008-05-03 22:10:09 487310][3069881232] RecvthreadID = 3069881232 PID = 23935
[2008-05-03 22:10:09 487413][3061488528] RecvthreadID = 3061488528 PID = 23935
[2008-05-03 22:10:09 487513][3053095824] RecvthreadID = 3053095824 PID = 23935
[2008-05-03 22:10:09 487613][3044703120] RecvthreadID = 3044703120 PID = 23935
[2008-05-03 22:10:09 487713][3036310416] RecvthreadID = 3036310416 PID = 23935
[2008-05-03 22:10:09 487813][3027917712] RecvthreadID = 3027917712 PID = 23935
[2008-05-03 22:10:09 487914][3019525008] RecvthreadID = 3019525008 PID = 23935
[2008-05-03 22:10:09 488014][3011132304] RecvthreadID = 3011132304 PID = 23935
[2008-05-03 22:10:09 488115][3002739600] RecvthreadID = 3002739600 PID = 23935
[2008-05-03 22:10:09 488214][2994346896] RecvthreadID = 2994346896 PID = 23935
[2008-05-03 22:10:09 488314][2985954192] RecvthreadID = 2985954192 PID = 23935
[2008-05-03 22:10:09 488414][2977561488] RecvthreadID = 2977561488 PID = 23935
[2008-05-03 22:10:09 488513][2969168784] RecvthreadID = 2969168784 PID = 23935
[2008-05-03 22:10:09 488613][2960776080] RecvthreadID = 2960776080 PID = 23935
[2008-05-03 22:10:09 488713][2952383376] RecvthreadID = 2952383376 PID = 23935
[2008-05-03 22:10:09 488813][2943990672] RecvthreadID = 2943990672 PID = 23935
[2008-05-03 22:10:09 488913][2935597968] RecvthreadID = 2935597968 PID = 23935
[2008-05-03 22:10:09 489013][2927205264] RecvthreadID = 2927205264 PID = 23935
[2008-05-03 22:10:09 489113][2918812560] RecvthreadID = 2918812560 PID = 23935
[2008-05-03 22:10:09 489213][2910419856] RecvthreadID = 2910419856 PID = 23935
[2008-05-03 22:10:09 489377][2902027152] RecvthreadID = 2902027152 PID = 23935
[2008-05-03 22:10:09 489481][2893634448] RecvthreadID = 2893634448 PID = 23935
[2008-05-03 22:10:09 489582][2885241744] RecvthreadID = 2885241744 PID = 23935
[2008-05-03 22:10:09 489701][2876849040] RecvthreadID = 2876849040 PID = 23935
[2008-05-03 22:10:09 489802][2868456336] RecvthreadID = 2868456336 PID = 23935
[2008-05-03 22:10:09 489902][2860063632] RecvthreadID = 2860063632 PID = 23935
[2008-05-03 22:10:09 490003][2851670928] RecvthreadID = 2851670928 PID = 23935
[2008-05-03 22:10:09 490104][2843278224] RecvthreadID = 2843278224 PID = 23935
[2008-05-03 22:10:09 490205][2834885520] RecvthreadID = 2834885520 PID = 23935
[2008-05-03 22:10:09 490299][2826492816] P_MaintainthreadID = 2826492816 PID = 23935
[2008-05-03 22:10:09 490402][2818100112] R_MaintainthreadID = 2818100112 PID = 23935
[2008-05-03 22:10:19 390490][135960656] Connect to Server(172.16.19.55) failed, checksocket timeout.
[2008-05-03 22:10:38 387595][135960656] MainProcess recv a exit notice and forward it to its 33 children.
[2008-05-03 22:10:38 387752][2885241744] RecvThread(2885241744) recv an exit notice, so exit.
[2008-05-03 22:10:38 387874][2876849040] RecvThread(2876849040) recv an exit notice, so exit.
[2008-05-03 22:10:38 387977][2868456336] RecvThread(2868456336) recv an exit notice, so exit.
[2008-05-03 22:10:38 388077][2860063632] RecvThread(2860063632) recv an exit notice, so exit.
[2008-05-03 22:10:38 388178][2851670928] RecvThread(2851670928) recv an exit notice, so exit.
[2008-05-03 22:10:38 388277][2843278224] RecvThread(2843278224) recv an exit notice, so exit.
[2008-05-03 22:10:38 388377][2834885520] RecvThread(2834885520) recv an exit notice, so exit.
[2008-05-03 22:10:38 388477][2893634448] RecvThread(2893634448) recv an exit notice, so exit.
[2008-05-03 22:10:38 388576][3078273936] RecvThread(3078273936) recv an exit notice, so exit.
[2008-05-03 22:10:38 388677][3069881232] RecvThread(3069881232) recv an exit notice, so exit.
[2008-05-03 22:10:38 388776][3061488528] RecvThread(3061488528) recv an exit notice, so exit.
[2008-05-03 22:10:38 388876][3053095824] RecvThread(3053095824) recv an exit notice, so exit.
[2008-05-03 22:10:38 388975][3044703120] RecvThread(3044703120) recv an exit notice, so exit.
[2008-05-03 22:10:38 389075][3036310416] RecvThread(3036310416) recv an exit notice, so exit.
[2008-05-03 22:10:38 389174][3027917712] RecvThread(3027917712) recv an exit notice, so exit.
[2008-05-03 22:10:38 389274][3019525008] RecvThread(3019525008) recv an exit notice, so exit.
[2008-05-03 22:10:38 389373][3011132304] RecvThread(3011132304) recv an exit notice, so exit.
[2008-05-03 22:10:38 389473][3002739600] RecvThread(3002739600) recv an exit notice, so exit.
[2008-05-03 22:10:38 389572][2994346896] RecvThread(2994346896) recv an exit notice, so exit.
[2008-05-03 22:10:38 389672][2985954192] RecvThread(2985954192) recv an exit notice, so exit.
[2008-05-03 22:10:38 389771][2977561488] RecvThread(2977561488) recv an exit notice, so exit.
[2008-05-03 22:10:38 389870][2969168784] RecvThread(2969168784) recv an exit notice, so exit.
[2008-05-03 22:10:38 389970][2960776080] RecvThread(2960776080) recv an exit notice, so exit.
[2008-05-03 22:10:38 390070][2952383376] RecvThread(2952383376) recv an exit notice, so exit.
[2008-05-03 22:10:38 390170][2943990672] RecvThread(2943990672) recv an exit notice, so exit.
[2008-05-03 22:10:38 390269][2935597968] RecvThread(2935597968) recv an exit notice, so exit.
[2008-05-03 22:10:38 390370][2927205264] RecvThread(2927205264) recv an exit notice, so exit.
[2008-05-03 22:10:38 390469][2918812560] RecvThread(2918812560) recv an exit notice, so exit.
[2008-05-03 22:10:38 390568][2910419856] RecvThread(2910419856) recv an exit notice, so exit.
[2008-05-03 22:10:38 390668][2902027152] RecvThread(2902027152) recv an exit notice, so exit.
[2008-05-03 22:10:38 503042][2826492816] P_MaintainThread(2826492816) recv an exit notice, so exit.
[2008-05-03 22:10:38 503156][2818100112] R_MaintainThread(2818100112) recv an exit notice, so exit.
[2008-05-03 22:10:38 603571][3086666640] ConnectThread(3086666640) recv an exit notice, so exit.
[2008-05-03 22:10:38 687047][135960656] all children exited, begin to save duty queue.
[2008-05-03 22:10:38 687129][135960656] MainProcess confirm all children exited and exit itself.
[2008-05-03 22:13:31 671892][135960656] newoctopusd begin to running......
[2008-05-03 22:13:31 672099][135960656] ===Init logmng module successfully===
[2008-05-03 22:13:31 672201][135960656] Begin to read /home/bud/SiteWizard/d4/cfg/common.cfg ......
[2008-05-03 22:13:31 672888][135960656] Read /home/bud/SiteWizard/d4/cfg/common.cfg Successfully.
[2008-05-03 22:13:31 672983][135960656] Begin to read /home/bud/SiteWizard/d4/cfg/siteinfo.cfg ......
[2008-05-03 22:13:31 673532][135960656] Read /home/bud/SiteWizard/d4/cfg/siteinfo.cfg successfully.
[2008-05-03 22:13:31 673675][135960656] ===Init configmng module successfully===
[2008-05-03 22:13:31 673756][135960656] Begin to create ShareMem(/home/bud/SiteWizard/d4/bin, 0)......
[2008-05-03 22:13:31 673870][135960656] ShareMem(id=53e88) exist, use it.
[2008-05-03 22:13:31 673968][135960656] ===Init maintain module successfully===
[2008-05-03 22:13:31 674047][135960656] Begin to create socket server(ALL, 8123)......
[2008-05-03 22:13:31 674184][135960656] Create socket server(ALL, 8123) successfully
[2008-05-03 22:13:31 674285][135960656] ===Create server(ALL,8123) socket listen successfully===
[2008-05-03 22:13:31 675245][135960656] ===Init queuemng module successfully===
[2008-05-03 22:13:31 675323][135960656] Begin to create ConnectThread(1)......
[2008-05-03 22:13:31 675448][135960656] Begin to create RecvThread(30)......
[2008-05-03 22:13:31 676735][135960656] Begin to create P_MaintainThread(1)......
[2008-05-03 22:13:31 676860][135960656] Begin to create R_MaintainThread(1)......
[2008-05-03 22:13:31 676980][135960656] ===Init all child thread successfully===
[2008-05-03 22:13:31 677063][135960656] newoctopusd(135960656) starts successfully and is running......
[2008-05-03 22:13:31 677703][135960656] Send message:章鱼报警[PleaseAddFlagName][ALL]系统启动成功，运行中...... to 13827437434
[2008-05-03 22:13:31 771067][3086683024] ConnectthreadID = 3086683024 PID = 24940
[2008-05-03 22:13:31 771202][3078290320] RecvthreadID = 3078290320 PID = 24940
[2008-05-03 22:13:31 771308][3069897616] RecvthreadID = 3069897616 PID = 24940
[2008-05-03 22:13:31 771411][3061504912] RecvthreadID = 3061504912 PID = 24940
[2008-05-03 22:13:31 771514][3053112208] RecvthreadID = 3053112208 PID = 24940
[2008-05-03 22:13:31 771615][3044719504] RecvthreadID = 3044719504 PID = 24940
[2008-05-03 22:13:31 771716][3036326800] RecvthreadID = 3036326800 PID = 24940
[2008-05-03 22:13:31 771817][3027934096] RecvthreadID = 3027934096 PID = 24940
[2008-05-03 22:13:31 771918][3019541392] RecvthreadID = 3019541392 PID = 24940
[2008-05-03 22:13:31 772019][3011148688] RecvthreadID = 3011148688 PID = 24940
[2008-05-03 22:13:31 772121][3002755984] RecvthreadID = 3002755984 PID = 24940
[2008-05-03 22:13:31 772223][2994363280] RecvthreadID = 2994363280 PID = 24940
[2008-05-03 22:13:31 772324][2985970576] RecvthreadID = 2985970576 PID = 24940
[2008-05-03 22:13:31 772426][2977577872] RecvthreadID = 2977577872 PID = 24940
[2008-05-03 22:13:31 772527][2969185168] RecvthreadID = 2969185168 PID = 24940
[2008-05-03 22:13:31 772629][2960792464] RecvthreadID = 2960792464 PID = 24940
[2008-05-03 22:13:31 772730][2952399760] RecvthreadID = 2952399760 PID = 24940
[2008-05-03 22:13:31 772831][2944007056] RecvthreadID = 2944007056 PID = 24940
[2008-05-03 22:13:31 772933][2935614352] RecvthreadID = 2935614352 PID = 24940
[2008-05-03 22:13:31 773035][2927221648] RecvthreadID = 2927221648 PID = 24940
[2008-05-03 22:13:31 773136][2918828944] RecvthreadID = 2918828944 PID = 24940
[2008-05-03 22:13:31 773238][2910436240] RecvthreadID = 2910436240 PID = 24940
[2008-05-03 22:13:31 773340][2902043536] RecvthreadID = 2902043536 PID = 24940
[2008-05-03 22:13:31 773442][2893650832] RecvthreadID = 2893650832 PID = 24940
[2008-05-03 22:13:31 773544][2885258128] RecvthreadID = 2885258128 PID = 24940
[2008-05-03 22:13:31 773714][2876865424] RecvthreadID = 2876865424 PID = 24940
[2008-05-03 22:13:31 773815][2868472720] RecvthreadID = 2868472720 PID = 24940
[2008-05-03 22:13:31 773913][2860080016] RecvthreadID = 2860080016 PID = 24940
[2008-05-03 22:13:31 774011][2851687312] RecvthreadID = 2851687312 PID = 24940
[2008-05-03 22:13:31 774110][2843294608] RecvthreadID = 2843294608 PID = 24940
[2008-05-03 22:13:31 774209][2834901904] RecvthreadID = 2834901904 PID = 24940
[2008-05-03 22:13:31 774317][2826509200] P_MaintainthreadID = 2826509200 PID = 24940
[2008-05-03 22:13:31 774417][2818116496] R_MaintainthreadID = 2818116496 PID = 24940
[2008-05-03 22:13:41 675220][135960656] Connect to Server(172.16.19.55) failed, checksocket timeout.
[2008-05-03 22:14:09 672715][135960656] MainProcess recv a exit notice and forward it to its 33 children.
[2008-05-03 22:14:09 672865][3044719504] RecvThread(3044719504) recv an exit notice, so exit.
[2008-05-03 22:14:09 672998][2893650832] RecvThread(2893650832) recv an exit notice, so exit.
[2008-05-03 22:14:09 673107][3027934096] RecvThread(3027934096) recv an exit notice, so exit.
[2008-05-03 22:14:09 673214][3019541392] RecvThread(3019541392) recv an exit notice, so exit.
[2008-05-03 22:14:09 673319][3011148688] RecvThread(3011148688) recv an exit notice, so exit.
[2008-05-03 22:14:09 673424][3002755984] RecvThread(3002755984) recv an exit notice, so exit.
[2008-05-03 22:14:09 673529][2994363280] RecvThread(2994363280) recv an exit notice, so exit.
[2008-05-03 22:14:09 673634][2985970576] RecvThread(2985970576) recv an exit notice, so exit.
[2008-05-03 22:14:09 673738][2977577872] RecvThread(2977577872) recv an exit notice, so exit.
[2008-05-03 22:14:09 673843][2969185168] RecvThread(2969185168) recv an exit notice, so exit.
[2008-05-03 22:14:09 673947][2960792464] RecvThread(2960792464) recv an exit notice, so exit.
[2008-05-03 22:14:09 674052][2952399760] RecvThread(2952399760) recv an exit notice, so exit.
[2008-05-03 22:14:09 674157][2944007056] RecvThread(2944007056) recv an exit notice, so exit.
[2008-05-03 22:14:09 674261][2935614352] RecvThread(2935614352) recv an exit notice, so exit.
[2008-05-03 22:14:09 674371][2927221648] RecvThread(2927221648) recv an exit notice, so exit.
[2008-05-03 22:14:09 674475][2918828944] RecvThread(2918828944) recv an exit notice, so exit.
[2008-05-03 22:14:09 674579][2910436240] RecvThread(2910436240) recv an exit notice, so exit.
[2008-05-03 22:14:09 674684][2902043536] RecvThread(2902043536) recv an exit notice, so exit.
[2008-05-03 22:14:09 674788][3036326800] RecvThread(3036326800) recv an exit notice, so exit.
[2008-05-03 22:14:09 674891][3053112208] RecvThread(3053112208) recv an exit notice, so exit.
[2008-05-03 22:14:09 674994][2885258128] RecvThread(2885258128) recv an exit notice, so exit.
[2008-05-03 22:14:09 675099][2876865424] RecvThread(2876865424) recv an exit notice, so exit.
[2008-05-03 22:14:09 675204][2868472720] RecvThread(2868472720) recv an exit notice, so exit.
[2008-05-03 22:14:09 675313][2860080016] RecvThread(2860080016) recv an exit notice, so exit.
[2008-05-03 22:14:09 675419][2851687312] RecvThread(2851687312) recv an exit notice, so exit.
[2008-05-03 22:14:09 675524][2843294608] RecvThread(2843294608) recv an exit notice, so exit.
[2008-05-03 22:14:09 675629][2834901904] RecvThread(2834901904) recv an exit notice, so exit.
[2008-05-03 22:14:09 675736][3078290320] RecvThread(3078290320) recv an exit notice, so exit.
[2008-05-03 22:14:09 675841][3069897616] RecvThread(3069897616) recv an exit notice, so exit.
[2008-05-03 22:14:09 675945][3061504912] RecvThread(3061504912) recv an exit notice, so exit.
[2008-05-03 22:14:09 783043][2826509200] P_MaintainThread(2826509200) recv an exit notice, so exit.
[2008-05-03 22:14:09 783165][2818116496] R_MaintainThread(2818116496) recv an exit notice, so exit.
[2008-05-03 22:14:09 924790][3086683024] ConnectThread(3086683024) recv an exit notice, so exit.
[2008-05-03 22:14:09 971049][135960656] all children exited, begin to save duty queue.
[2008-05-03 22:14:09 971206][135960656] MainProcess confirm all children exited and exit itself.
[2008-05-03 22:16:39 916104][135960656] newoctopusd begin to running......
[2008-05-03 22:16:39 916305][135960656] ===Init logmng module successfully===
[2008-05-03 22:16:39 916403][135960656] Begin to read /home/bud/SiteWizard/d4/cfg/common.cfg ......
[2008-05-03 22:16:39 917094][135960656] Read /home/bud/SiteWizard/d4/cfg/common.cfg Successfully.
[2008-05-03 22:16:39 917186][135960656] Begin to read /home/bud/SiteWizard/d4/cfg/siteinfo.cfg ......
[2008-05-03 22:16:39 917728][135960656] Read /home/bud/SiteWizard/d4/cfg/siteinfo.cfg successfully.
[2008-05-03 22:16:39 917866][135960656] ===Init configmng module successfully===
[2008-05-03 22:16:39 917942][135960656] Begin to create ShareMem(/home/bud/SiteWizard/d4/bin, 0)......
[2008-05-03 22:16:39 918077][135960656] ShareMem(id=53e88) exist, use it.
[2008-05-03 22:16:39 918172][135960656] ===Init maintain module successfully===
[2008-05-03 22:16:39 918246][135960656] Begin to create socket server(ALL, 8127)......
[2008-05-03 22:16:39 918382][135960656] Create socket server(ALL, 8127) successfully
[2008-05-03 22:16:39 918455][135960656] ===Create server(ALL,8127) socket listen successfully===
[2008-05-03 22:16:39 918551][135960656] ===Init queuemng module successfully===
[2008-05-03 22:16:39 918620][135960656] Begin to create ConnectThread(1)......
[2008-05-03 22:16:39 919656][135960656] Begin to create RecvThread(30)......
[2008-05-03 22:16:39 920951][135960656] Begin to create P_MaintainThread(1)......
[2008-05-03 22:16:39 921073][135960656] Begin to create R_MaintainThread(1)......
[2008-05-03 22:16:39 921188][135960656] ===Init all child thread successfully===
[2008-05-03 22:16:39 921267][135960656] newoctopusd(135960656) starts successfully and is running......
[2008-05-03 22:16:39 921903][135960656] Send message:章鱼报警[PleaseAddFlagName][ALL]系统启动成功，运行中...... to 13827437434
[2008-05-03 22:16:40 015068][3086551952] ConnectthreadID = 3086551952 PID = 25922
[2008-05-03 22:16:40 015199][3078159248] RecvthreadID = 3078159248 PID = 25922
[2008-05-03 22:16:40 015299][3069766544] RecvthreadID = 3069766544 PID = 25922
[2008-05-03 22:16:40 015398][3061373840] RecvthreadID = 3061373840 PID = 25922
[2008-05-03 22:16:40 015494][3052981136] RecvthreadID = 3052981136 PID = 25922
[2008-05-03 22:16:40 015591][3044588432] RecvthreadID = 3044588432 PID = 25922
[2008-05-03 22:16:40 015687][3036195728] RecvthreadID = 3036195728 PID = 25922
[2008-05-03 22:16:40 015783][3027803024] RecvthreadID = 3027803024 PID = 25922
[2008-05-03 22:16:40 015880][3019410320] RecvthreadID = 3019410320 PID = 25922
[2008-05-03 22:16:40 015977][3011017616] RecvthreadID = 3011017616 PID = 25922
[2008-05-03 22:16:40 016073][3002624912] RecvthreadID = 3002624912 PID = 25922
[2008-05-03 22:16:40 016170][2994232208] RecvthreadID = 2994232208 PID = 25922
[2008-05-03 22:16:40 016266][2985839504] RecvthreadID = 2985839504 PID = 25922
[2008-05-03 22:16:40 016363][2977446800] RecvthreadID = 2977446800 PID = 25922
[2008-05-03 22:16:40 016459][2969054096] RecvthreadID = 2969054096 PID = 25922
[2008-05-03 22:16:40 016556][2960661392] RecvthreadID = 2960661392 PID = 25922
[2008-05-03 22:16:40 016653][2952268688] RecvthreadID = 2952268688 PID = 25922
[2008-05-03 22:16:40 016750][2943875984] RecvthreadID = 2943875984 PID = 25922
[2008-05-03 22:16:40 016847][2935483280] RecvthreadID = 2935483280 PID = 25922
[2008-05-03 22:16:40 016943][2927090576] RecvthreadID = 2927090576 PID = 25922
[2008-05-03 22:16:40 017040][2918697872] RecvthreadID = 2918697872 PID = 25922
[2008-05-03 22:16:40 017137][2910305168] RecvthreadID = 2910305168 PID = 25922
[2008-05-03 22:16:40 017234][2901912464] RecvthreadID = 2901912464 PID = 25922
[2008-05-03 22:16:40 017332][2893519760] RecvthreadID = 2893519760 PID = 25922
[2008-05-03 22:16:40 017429][2885127056] RecvthreadID = 2885127056 PID = 25922
[2008-05-03 22:16:40 017527][2876734352] RecvthreadID = 2876734352 PID = 25922
[2008-05-03 22:16:40 017624][2868341648] RecvthreadID = 2868341648 PID = 25922
[2008-05-03 22:16:40 017787][2859948944] RecvthreadID = 2859948944 PID = 25922
[2008-05-03 22:16:40 017888][2851556240] RecvthreadID = 2851556240 PID = 25922
[2008-05-03 22:16:40 017987][2843163536] RecvthreadID = 2843163536 PID = 25922
[2008-05-03 22:16:40 018104][2834770832] RecvthreadID = 2834770832 PID = 25922
[2008-05-03 22:16:40 022105][2826378128] P_MaintainthreadID = 2826378128 PID = 25922
[2008-05-03 22:16:40 022206][2817985424] R_MaintainthreadID = 2817985424 PID = 25922
[2008-05-03 22:16:49 922896][135960656] Connect to Server(172.16.19.55) failed, checksocket timeout.
[2008-05-03 22:16:49 923415][135960656] MainProcess recv a exit notice and forward it to its 33 children.
[2008-05-03 22:16:49 926719][2834770832] RecvThread(2834770832) recv an exit notice, so exit.
[2008-05-03 22:16:49 926849][3078159248] RecvThread(3078159248) recv an exit notice, so exit.
[2008-05-03 22:16:49 926958][2843163536] RecvThread(2843163536) recv an exit notice, so exit.
[2008-05-03 22:16:49 927064][3061373840] RecvThread(3061373840) recv an exit notice, so exit.
[2008-05-03 22:16:49 927170][3052981136] RecvThread(3052981136) recv an exit notice, so exit.
[2008-05-03 22:16:49 927273][3044588432] RecvThread(3044588432) recv an exit notice, so exit.
[2008-05-03 22:16:49 927377][3036195728] RecvThread(3036195728) recv an exit notice, so exit.
[2008-05-03 22:16:49 927481][3027803024] RecvThread(3027803024) recv an exit notice, so exit.
[2008-05-03 22:16:49 927585][3019410320] RecvThread(3019410320) recv an exit notice, so exit.
[2008-05-03 22:16:49 927689][3011017616] RecvThread(3011017616) recv an exit notice, so exit.
[2008-05-03 22:16:49 927793][3002624912] RecvThread(3002624912) recv an exit notice, so exit.
[2008-05-03 22:16:49 927897][2994232208] RecvThread(2994232208) recv an exit notice, so exit.
[2008-05-03 22:16:49 928005][2985839504] RecvThread(2985839504) recv an exit notice, so exit.
[2008-05-03 22:16:49 928109][2977446800] RecvThread(2977446800) recv an exit notice, so exit.
[2008-05-03 22:16:49 928213][2969054096] RecvThread(2969054096) recv an exit notice, so exit.
[2008-05-03 22:16:49 928315][3069766544] RecvThread(3069766544) recv an exit notice, so exit.
[2008-05-03 22:16:49 928419][2960661392] RecvThread(2960661392) recv an exit notice, so exit.
[2008-05-03 22:16:49 928524][2952268688] RecvThread(2952268688) recv an exit notice, so exit.
[2008-05-03 22:16:49 928627][2943875984] RecvThread(2943875984) recv an exit notice, so exit.
[2008-05-03 22:16:49 928732][2935483280] RecvThread(2935483280) recv an exit notice, so exit.
[2008-05-03 22:16:49 928835][2927090576] RecvThread(2927090576) recv an exit notice, so exit.
[2008-05-03 22:16:49 928942][2918697872] RecvThread(2918697872) recv an exit notice, so exit.
[2008-05-03 22:16:49 929045][2910305168] RecvThread(2910305168) recv an exit notice, so exit.
[2008-05-03 22:16:49 929148][2901912464] RecvThread(2901912464) recv an exit notice, so exit.
[2008-05-03 22:16:49 929252][2893519760] RecvThread(2893519760) recv an exit notice, so exit.
[2008-05-03 22:16:49 929355][2885127056] RecvThread(2885127056) recv an exit notice, so exit.
[2008-05-03 22:16:49 929459][2876734352] RecvThread(2876734352) recv an exit notice, so exit.
[2008-05-03 22:16:49 929562][2868341648] RecvThread(2868341648) recv an exit notice, so exit.
[2008-05-03 22:16:49 929666][2859948944] RecvThread(2859948944) recv an exit notice, so exit.
[2008-05-03 22:16:49 929769][2851556240] RecvThread(2851556240) recv an exit notice, so exit.
[2008-05-03 22:16:50 019129][2826378128] P_MaintainThread(2826378128) recv an exit notice, so exit.
[2008-05-03 22:16:50 019249][2817985424] R_MaintainThread(2817985424) recv an exit notice, so exit.
[2008-05-03 22:16:50 074788][3086551952] ConnectThread(3086551952) recv an exit notice, so exit.
[2008-05-03 22:16:50 119128][135960656] all children exited, begin to save duty queue.
[2008-05-03 22:16:50 119206][135960656] MainProcess confirm all children exited and exit itself.
[2008-05-03 22:24:59 680540][135960656] newoctopusd begin to running......
[2008-05-03 22:24:59 680800][135960656] ===Init logmng module successfully===
[2008-05-03 22:24:59 680902][135960656] Begin to read /home/bud/SiteWizard/d5/cfg/common.cfg ......
[2008-05-03 22:24:59 681615][135960656] Read /home/bud/SiteWizard/d5/cfg/common.cfg Successfully.
[2008-05-03 22:24:59 681708][135960656] Begin to read /home/bud/SiteWizard/d5/cfg/siteinfo.cfg ......
[2008-05-03 22:24:59 682254][135960656] Read /home/bud/SiteWizard/d5/cfg/siteinfo.cfg successfully.
[2008-05-03 22:24:59 682392][135960656] ===Init configmng module successfully===
[2008-05-03 22:24:59 682470][135960656] Begin to create ShareMem(/home/bud/SiteWizard/d5/bin, 0)......
[2008-05-03 22:24:59 682608][135960656] Create ShareMem(id=53f87) successfully.
[2008-05-03 22:24:59 682695][135960656] ===Init maintain module successfully===
[2008-05-03 22:24:59 682770][135960656] Begin to create socket server(ALL, 21827)......
[2008-05-03 22:24:59 682906][135960656] Create socket server(ALL, 21827) successfully
[2008-05-03 22:24:59 682980][135960656] ===Create server(ALL,21827) socket listen successfully===
[2008-05-03 22:24:59 683091][135960656] ===Init queuemng module successfully===
[2008-05-03 22:24:59 683163][135960656] Begin to create ConnectThread(1)......
[2008-05-03 22:24:59 684204][135960656] Begin to create RecvThread(30)......
[2008-05-03 22:24:59 685530][135960656] Begin to create P_MaintainThread(1)......
[2008-05-03 22:24:59 685655][135960656] Begin to create R_MaintainThread(1)......
[2008-05-03 22:24:59 685771][135960656] ===Init all child thread successfully===
[2008-05-03 22:24:59 685852][135960656] newoctopusd(135960656) starts successfully and is running......
[2008-05-03 22:24:59 686502][135960656] Send message:章鱼报警[PleaseAddFlagName][ALL]系统启动成功，运行中...... to 13827437434
[2008-05-03 22:24:59 779061][3086166928] ConnectthreadID = 3086166928 PID = 28340
[2008-05-03 22:24:59 779190][3077774224] RecvthreadID = 3077774224 PID = 28340
[2008-05-03 22:24:59 779291][3069381520] RecvthreadID = 3069381520 PID = 28340
[2008-05-03 22:24:59 779390][3060988816] RecvthreadID = 3060988816 PID = 28340
[2008-05-03 22:24:59 779488][3052596112] RecvthreadID = 3052596112 PID = 28340
[2008-05-03 22:24:59 779585][3044203408] RecvthreadID = 3044203408 PID = 28340
[2008-05-03 22:24:59 779683][3035810704] RecvthreadID = 3035810704 PID = 28340
[2008-05-03 22:24:59 779781][3027418000] RecvthreadID = 3027418000 PID = 28340
[2008-05-03 22:24:59 779880][3019025296] RecvthreadID = 3019025296 PID = 28340
[2008-05-03 22:24:59 779978][3010632592] RecvthreadID = 3010632592 PID = 28340
[2008-05-03 22:24:59 780076][3002239888] RecvthreadID = 3002239888 PID = 28340
[2008-05-03 22:24:59 780173][2993847184] RecvthreadID = 2993847184 PID = 28340
[2008-05-03 22:24:59 780272][2985454480] RecvthreadID = 2985454480 PID = 28340
[2008-05-03 22:24:59 780369][2977061776] RecvthreadID = 2977061776 PID = 28340
[2008-05-03 22:24:59 780467][2968669072] RecvthreadID = 2968669072 PID = 28340
[2008-05-03 22:24:59 780566][2960276368] RecvthreadID = 2960276368 PID = 28340
[2008-05-03 22:24:59 780664][2951883664] RecvthreadID = 2951883664 PID = 28340
[2008-05-03 22:24:59 780762][2943490960] RecvthreadID = 2943490960 PID = 28340
[2008-05-03 22:24:59 780861][2935098256] RecvthreadID = 2935098256 PID = 28340
[2008-05-03 22:24:59 780958][2926705552] RecvthreadID = 2926705552 PID = 28340
[2008-05-03 22:24:59 781057][2918312848] RecvthreadID = 2918312848 PID = 28340
[2008-05-03 22:24:59 785426][2909920144] RecvthreadID = 2909920144 PID = 28340
[2008-05-03 22:24:59 785526][2901527440] RecvthreadID = 2901527440 PID = 28340
[2008-05-03 22:24:59 785625][2893134736] RecvthreadID = 2893134736 PID = 28340
[2008-05-03 22:24:59 785724][2884742032] RecvthreadID = 2884742032 PID = 28340
[2008-05-03 22:24:59 785822][2876349328] RecvthreadID = 2876349328 PID = 28340
[2008-05-03 22:24:59 786027][2867956624] RecvthreadID = 2867956624 PID = 28340
[2008-05-03 22:24:59 786126][2859563920] RecvthreadID = 2859563920 PID = 28340
[2008-05-03 22:24:59 786225][2851171216] RecvthreadID = 2851171216 PID = 28340
[2008-05-03 22:24:59 786453][2842778512] RecvthreadID = 2842778512 PID = 28340
[2008-05-03 22:24:59 786554][2834385808] RecvthreadID = 2834385808 PID = 28340
[2008-05-03 22:24:59 786646][2825993104] P_MaintainthreadID = 2825993104 PID = 28340
[2008-05-03 22:24:59 786745][2817600400] R_MaintainthreadID = 2817600400 PID = 28340
[2008-05-03 22:25:09 686138][135960656] Connect to Server(172.16.19.55) failed, checksocket timeout.
[2008-05-03 22:56:38 952415][135960656] MainProcess recv a exit notice and forward it to its 33 children.
[2008-05-03 22:56:38 952837][3019025296] RecvThread(3019025296) recv an exit notice, so exit.
[2008-05-03 22:56:38 952971][2884742032] RecvThread(2884742032) recv an exit notice, so exit.
[2008-05-03 22:56:38 953085][3010632592] RecvThread(3010632592) recv an exit notice, so exit.
[2008-05-03 22:56:38 953185][2842778512] RecvThread(2842778512) recv an exit notice, so exit.
[2008-05-03 22:56:38 953304][3044203408] RecvThread(3044203408) recv an exit notice, so exit.
[2008-05-03 22:56:38 953405][3060988816] RecvThread(3060988816) recv an exit notice, so exit.
[2008-05-03 22:56:38 953505][3077774224] RecvThread(3077774224) recv an exit notice, so exit.
[2008-05-03 22:56:38 953614][2859563920] RecvThread(2859563920) recv an exit notice, so exit.
[2008-05-03 22:56:38 953713][2867956624] RecvThread(2867956624) recv an exit notice, so exit.
[2008-05-03 22:56:38 953811][2909920144] RecvThread(2909920144) recv an exit notice, so exit.
[2008-05-03 22:56:38 953910][2968669072] RecvThread(2968669072) recv an exit notice, so exit.
[2008-05-03 22:56:38 954009][2985454480] RecvThread(2985454480) recv an exit notice, so exit.
[2008-05-03 22:56:38 954128][3035810704] RecvThread(3035810704) recv an exit notice, so exit.
[2008-05-03 22:56:38 954279][3002239888] RecvThread(3002239888) recv an exit notice, so exit.
[2008-05-03 22:56:38 954531][2851171216] RecvThread(2851171216) recv an exit notice, so exit.
[2008-05-03 22:56:38 954630][3069381520] RecvThread(3069381520) recv an exit notice, so exit.
[2008-05-03 22:56:38 954728][2876349328] RecvThread(2876349328) recv an exit notice, so exit.
[2008-05-03 22:56:38 954836][3027418000] RecvThread(3027418000) recv an exit notice, so exit.
[2008-05-03 22:56:38 954946][2834385808] RecvThread(2834385808) recv an exit notice, so exit.
[2008-05-03 22:56:38 955055][3052596112] RecvThread(3052596112) recv an exit notice, so exit.
[2008-05-03 22:56:38 955153][2960276368] RecvThread(2960276368) recv an exit notice, so exit.
[2008-05-03 22:56:38 955259][2977061776] RecvThread(2977061776) recv an exit notice, so exit.
[2008-05-03 22:56:38 955358][2893134736] RecvThread(2893134736) recv an exit notice, so exit.
[2008-05-03 22:56:38 955456][2993847184] RecvThread(2993847184) recv an exit notice, so exit.
[2008-05-03 22:56:38 955595][2901527440] RecvThread(2901527440) recv an exit notice, so exit.
[2008-05-03 22:56:38 955743][2951883664] RecvThread(2951883664) recv an exit notice, so exit.
[2008-05-03 22:56:38 956418][2918312848] RecvThread(2918312848) recv an exit notice, so exit.
[2008-05-03 22:56:38 956952][2943490960] RecvThread(2943490960) recv an exit notice, so exit.
[2008-05-03 22:56:38 957083][2935098256] RecvThread(2935098256) recv an exit notice, so exit.
[2008-05-03 22:56:38 955927][2926705552] RecvThread(2926705552) recv an exit notice, so exit.
[2008-05-03 22:56:39 192373][2825993104] P_MaintainThread(2825993104) recv an exit notice, so exit.
[2008-05-03 22:56:39 192509][2817600400] R_MaintainThread(2817600400) recv an exit notice, so exit.
[2008-05-03 22:56:39 812328][3086166928] ConnectThread(3086166928) recv an exit notice, so exit.
[2008-05-03 22:56:39 852407][135960656] all children exited, begin to save duty queue.
[2008-05-03 22:56:39 852509][135960656] MainProcess confirm all children exited and exit itself.
[2008-05-03 22:56:40 923751][135960656] newoctopusd begin to running......
[2008-05-03 22:56:40 923950][135960656] ===Init logmng module successfully===
[2008-05-03 22:56:40 924049][135960656] Begin to read /home/bud/SiteWizard/d5/cfg/common.cfg ......
[2008-05-03 22:56:40 926873][135960656] Read /home/bud/SiteWizard/d5/cfg/common.cfg Successfully.
[2008-05-03 22:56:40 926971][135960656] Begin to read /home/bud/SiteWizard/d5/cfg/siteinfo.cfg ......
[2008-05-03 22:56:40 927519][135960656] Read /home/bud/SiteWizard/d5/cfg/siteinfo.cfg successfully.
[2008-05-03 22:56:40 927658][135960656] ===Init configmng module successfully===
[2008-05-03 22:56:40 927735][135960656] Begin to create ShareMem(/home/bud/SiteWizard/d5/bin, 0)......
[2008-05-03 22:56:40 927848][135960656] ShareMem(id=53f87) exist, use it.
[2008-05-03 22:56:40 927944][135960656] ===Init maintain module successfully===
[2008-05-03 22:56:40 928020][135960656] Begin to create socket server(ALL, 21827)......
[2008-05-03 22:56:40 931183][135960656] Create socket server(ALL, 21827) successfully
[2008-05-03 22:56:40 931287][135960656] ===Create server(ALL,21827) socket listen successfully===
[2008-05-03 22:56:40 931390][135960656] ===Init queuemng module successfully===
[2008-05-03 22:56:40 931462][135960656] Begin to create ConnectThread(1)......
[2008-05-03 22:56:40 931587][135960656] Begin to create RecvThread(30)......
[2008-05-03 22:56:40 935046][135960656] Begin to create P_MaintainThread(1)......
[2008-05-03 22:56:40 935187][135960656] Begin to create R_MaintainThread(1)......
[2008-05-03 22:56:40 935304][135960656] ===Init all child thread successfully===
[2008-05-03 22:56:40 935385][135960656] newoctopusd(135960656) starts successfully and is running......
[2008-05-03 22:56:40 935926][135960656] Send message:章鱼报警[PleaseAddFlagName][ALL]系统启动成功，运行中...... to 13827437434
[2008-05-03 22:56:41 030156][3086801808] ConnectthreadID = 3086801808 PID = 6270
[2008-05-03 22:56:41 030314][3078409104] RecvthreadID = 3078409104 PID = 6270
[2008-05-03 22:56:41 030417][3070016400] RecvthreadID = 3070016400 PID = 6270
[2008-05-03 22:56:41 030519][3061623696] RecvthreadID = 3061623696 PID = 6270
[2008-05-03 22:56:41 030618][3053230992] RecvthreadID = 3053230992 PID = 6270
[2008-05-03 22:56:41 030718][3044838288] RecvthreadID = 3044838288 PID = 6270
[2008-05-03 22:56:41 030817][3036445584] RecvthreadID = 3036445584 PID = 6270
[2008-05-03 22:56:41 030916][3028052880] RecvthreadID = 3028052880 PID = 6270
[2008-05-03 22:56:41 031017][3019660176] RecvthreadID = 3019660176 PID = 6270
[2008-05-03 22:56:41 031117][3011267472] RecvthreadID = 3011267472 PID = 6270
[2008-05-03 22:56:41 034228][3002874768] RecvthreadID = 3002874768 PID = 6270
[2008-05-03 22:56:41 034349][2994482064] RecvthreadID = 2994482064 PID = 6270
[2008-05-03 22:56:41 034451][2986089360] RecvthreadID = 2986089360 PID = 6270
[2008-05-03 22:56:41 034552][2977696656] RecvthreadID = 2977696656 PID = 6270
[2008-05-03 22:56:41 034651][2969303952] RecvthreadID = 2969303952 PID = 6270
[2008-05-03 22:56:41 034751][2960911248] RecvthreadID = 2960911248 PID = 6270
[2008-05-03 22:56:41 034851][2952518544] RecvthreadID = 2952518544 PID = 6270
[2008-05-03 22:56:41 034951][2944125840] RecvthreadID = 2944125840 PID = 6270
[2008-05-03 22:56:41 035052][2935733136] RecvthreadID = 2935733136 PID = 6270
[2008-05-03 22:56:41 035152][2927340432] RecvthreadID = 2927340432 PID = 6270
[2008-05-03 22:56:41 035253][2918947728] RecvthreadID = 2918947728 PID = 6270
[2008-05-03 22:56:41 035353][2910555024] RecvthreadID = 2910555024 PID = 6270
[2008-05-03 22:56:41 035454][2902162320] RecvthreadID = 2902162320 PID = 6270
[2008-05-03 22:56:41 035555][2893769616] RecvthreadID = 2893769616 PID = 6270
[2008-05-03 22:56:41 035655][2885376912] RecvthreadID = 2885376912 PID = 6270
[2008-05-03 22:56:41 035756][2876984208] RecvthreadID = 2876984208 PID = 6270
[2008-05-03 22:56:41 035857][2868591504] RecvthreadID = 2868591504 PID = 6270
[2008-05-03 22:56:41 035957][2860198800] RecvthreadID = 2860198800 PID = 6270
[2008-05-03 22:56:41 038216][2851806096] RecvthreadID = 2851806096 PID = 6270
[2008-05-03 22:56:41 038346][2843413392] RecvthreadID = 2843413392 PID = 6270
[2008-05-03 22:56:41 038450][2835020688] RecvthreadID = 2835020688 PID = 6270
[2008-05-03 22:56:41 038544][2826627984] P_MaintainthreadID = 2826627984 PID = 6270
[2008-05-03 22:56:41 038718][2818235280] R_MaintainthreadID = 2818235280 PID = 6270
[2008-05-03 22:56:50 939040][135960656] Connect to Server(172.16.19.55) failed, checksocket timeout.
[2008-05-08 01:30:24 095522][135960656] MainProcess recv a exit notice and forward it to its 33 children.
[2008-05-08 01:30:24 115601][2843413392] RecvThread(2843413392) recv an exit notice, so exit.
[2008-05-08 01:30:24 116132][3036445584] RecvThread(3036445584) recv an exit notice, so exit.
[2008-05-08 01:30:24 116169][2835020688] RecvThread(2835020688) recv an exit notice, so exit.
[2008-05-08 01:30:24 116202][2860198800] RecvThread(2860198800) recv an exit notice, so exit.
[2008-05-08 01:30:24 116591][2885376912] RecvThread(2885376912) recv an exit notice, so exit.
[2008-05-08 01:30:24 116651][3028052880] RecvThread(3028052880) recv an exit notice, so exit.
[2008-05-08 01:30:24 116777][3053230992] RecvThread(3053230992) recv an exit notice, so exit.
[2008-05-08 01:30:24 117020][2935733136] RecvThread(2935733136) recv an exit notice, so exit.
[2008-05-08 01:30:24 117132][2986089360] RecvThread(2986089360) recv an exit notice, so exit.
[2008-05-08 01:30:24 117192][2851806096] RecvThread(2851806096) recv an exit notice, so exit.
[2008-05-08 01:30:24 117239][2944125840] RecvThread(2944125840) recv an exit notice, so exit.
[2008-05-08 01:30:24 117270][3078409104] RecvThread(3078409104) recv an exit notice, so exit.
[2008-05-08 01:30:24 117301][3044838288] RecvThread(3044838288) recv an exit notice, so exit.
[2008-05-08 01:30:24 117330][2977696656] RecvThread(2977696656) recv an exit notice, so exit.
[2008-05-08 01:30:24 117376][3061623696] RecvThread(3061623696) recv an exit notice, so exit.
[2008-05-08 01:30:24 117408][2969303952] RecvThread(2969303952) recv an exit notice, so exit.
[2008-05-08 01:30:24 117438][2952518544] RecvThread(2952518544) recv an exit notice, so exit.
[2008-05-08 01:30:24 117468][2927340432] RecvThread(2927340432) recv an exit notice, so exit.
[2008-05-08 01:30:24 117498][2994482064] RecvThread(2994482064) recv an exit notice, so exit.
[2008-05-08 01:30:24 117578][2918947728] RecvThread(2918947728) recv an exit notice, so exit.
[2008-05-08 01:30:24 117637][2893769616] RecvThread(2893769616) recv an exit notice, so exit.
[2008-05-08 01:30:24 117678][3070016400] RecvThread(3070016400) recv an exit notice, so exit.
[2008-05-08 01:30:24 117709][3002874768] RecvThread(3002874768) recv an exit notice, so exit.
[2008-05-08 01:30:24 117816][2876984208] RecvThread(2876984208) recv an exit notice, so exit.
[2008-05-08 01:30:24 117848][2910555024] RecvThread(2910555024) recv an exit notice, so exit.
[2008-05-08 01:30:24 117936][3019660176] RecvThread(3019660176) recv an exit notice, so exit.
[2008-05-08 01:30:24 165358][2868591504] RecvThread(2868591504) recv an exit notice, so exit.
[2008-05-08 01:30:24 166807][2960911248] RecvThread(2960911248) recv an exit notice, so exit.
[2008-05-08 01:30:24 167125][3011267472] RecvThread(3011267472) recv an exit notice, so exit.
[2008-05-08 01:30:24 167049][2902162320] RecvThread(2902162320) recv an exit notice, so exit.
[2008-05-08 01:30:24 467603][2826627984] P_MaintainThread(2826627984) recv an exit notice, so exit.
[2008-05-08 01:30:24 623567][3086801808] ConnectThread(3086801808) recv an exit notice, so exit.
[2008-05-08 01:30:25 095531][2818235280] R_MaintainThread(2818235280) recv an exit notice, so exit.
[2008-05-08 01:30:25 111518][135960656] all children exited, begin to save duty queue.
[2008-05-08 01:30:25 111620][135960656] MainProcess confirm all children exited and exit itself.
[2008-05-08 01:30:27 958691][135960656] newoctopusd begin to running......
[2008-05-08 01:30:27 958900][135960656] ===Init logmng module successfully===
[2008-05-08 01:30:27 958999][135960656] Begin to read /home/bud/SiteWizard/d5/cfg/common.cfg ......
[2008-05-08 01:30:27 961828][135960656] Read /home/bud/SiteWizard/d5/cfg/common.cfg Successfully.
[2008-05-08 01:30:27 961935][135960656] Begin to read /home/bud/SiteWizard/d5/cfg/siteinfo.cfg ......
[2008-05-08 01:30:27 962644][135960656] Read /home/bud/SiteWizard/d5/cfg/siteinfo.cfg successfully.
[2008-05-08 01:30:27 962853][135960656] ===Init configmng module successfully===
[2008-05-08 01:30:27 962934][135960656] Begin to create ShareMem(/home/bud/SiteWizard/d5/bin, 0)......
[2008-05-08 01:30:27 963050][135960656] ShareMem(id=53f87) exist, use it.
[2008-05-08 01:30:27 963147][135960656] ===Init maintain module successfully===
[2008-05-08 01:30:27 963224][135960656] Begin to create socket server(ALL, 21827)......
[2008-05-08 01:30:27 963364][135960656] Create socket server(ALL, 21827) successfully
[2008-05-08 01:30:27 966511][135960656] ===Create server(ALL,21827) socket listen successfully===
[2008-05-08 01:30:27 966626][135960656] ===Init queuemng module successfully===
[2008-05-08 01:30:27 966699][135960656] Begin to create ConnectThread(1)......
[2008-05-08 01:30:27 966828][135960656] Begin to create RecvThread(30)......
[2008-05-08 01:30:27 970411][135960656] Begin to create P_MaintainThread(1)......
[2008-05-08 01:30:27 970559][135960656] Begin to create R_MaintainThread(1)......
[2008-05-08 01:30:27 970680][135960656] ===Init all child thread successfully===
[2008-05-08 01:30:27 970763][135960656] newoctopusd(135960656) starts successfully and is running......
[2008-05-08 01:30:27 975144][135960656] Send message:章鱼报警[PleaseAddFlagName][ALL]系统启动成功，运行中...... to 13827437434
[2008-05-08 01:30:28 170348][3086121872] ConnectthreadID = 3086121872 PID = 7332
[2008-05-08 01:30:28 170587][3077729168] RecvthreadID = 3077729168 PID = 7332
[2008-05-08 01:30:28 170695][3069336464] RecvthreadID = 3069336464 PID = 7332
[2008-05-08 01:30:28 170800][3060943760] RecvthreadID = 3060943760 PID = 7332
[2008-05-08 01:30:28 170903][3052551056] RecvthreadID = 3052551056 PID = 7332
[2008-05-08 01:30:28 171005][3044158352] RecvthreadID = 3044158352 PID = 7332
[2008-05-08 01:30:28 171108][3035765648] RecvthreadID = 3035765648 PID = 7332
[2008-05-08 01:30:28 171212][3027372944] RecvthreadID = 3027372944 PID = 7332
[2008-05-08 01:30:28 171315][3018980240] RecvthreadID = 3018980240 PID = 7332
[2008-05-08 01:30:28 173783][3010587536] RecvthreadID = 3010587536 PID = 7332
[2008-05-08 01:30:28 173919][3002194832] RecvthreadID = 3002194832 PID = 7332
[2008-05-08 01:30:28 174024][2993802128] RecvthreadID = 2993802128 PID = 7332
[2008-05-08 01:30:28 174127][2985409424] RecvthreadID = 2985409424 PID = 7332
[2008-05-08 01:30:28 174230][2977016720] RecvthreadID = 2977016720 PID = 7332
[2008-05-08 01:30:28 174333][2968624016] RecvthreadID = 2968624016 PID = 7332
[2008-05-08 01:30:28 174436][2960231312] RecvthreadID = 2960231312 PID = 7332
[2008-05-08 01:30:28 174539][2951838608] RecvthreadID = 2951838608 PID = 7332
[2008-05-08 01:30:28 174642][2943445904] RecvthreadID = 2943445904 PID = 7332
[2008-05-08 01:30:28 174746][2935053200] RecvthreadID = 2935053200 PID = 7332
[2008-05-08 01:30:28 174849][2926660496] RecvthreadID = 2926660496 PID = 7332
[2008-05-08 01:30:28 174951][2918267792] RecvthreadID = 2918267792 PID = 7332
[2008-05-08 01:30:28 175053][2909875088] RecvthreadID = 2909875088 PID = 7332
[2008-05-08 01:30:28 175156][2901482384] RecvthreadID = 2901482384 PID = 7332
[2008-05-08 01:30:28 175259][2893089680] RecvthreadID = 2893089680 PID = 7332
[2008-05-08 01:30:28 175361][2884696976] RecvthreadID = 2884696976 PID = 7332
[2008-05-08 01:30:28 177622][2876304272] RecvthreadID = 2876304272 PID = 7332
[2008-05-08 01:30:28 177789][2867911568] RecvthreadID = 2867911568 PID = 7332
[2008-05-08 01:30:28 177857][2859518864] RecvthreadID = 2859518864 PID = 7332
[2008-05-08 01:30:28 177925][2851126160] RecvthreadID = 2851126160 PID = 7332
[2008-05-08 01:30:28 177991][2842733456] RecvthreadID = 2842733456 PID = 7332
[2008-05-08 01:30:28 178060][2834340752] RecvthreadID = 2834340752 PID = 7332
[2008-05-08 01:30:28 178118][2825948048] P_MaintainthreadID = 2825948048 PID = 7332
[2008-05-08 01:30:28 178185][2817555344] R_MaintainthreadID = 2817555344 PID = 7332
[2008-05-08 01:30:37 978379][135960656] Connect to Server(172.16.19.55) failed, checksocket timeout.
[2008-05-15 16:56:22 977785][135960656] Process is killed by signal 15
[2008-05-19 20:42:07 842457][135960656] newoctopusd begin to running......
[2008-05-19 20:42:07 848694][135960656] ===Init logmng module successfully===
[2008-05-19 20:42:07 848816][135960656] Begin to read /srv/site_wizard/d5/cfg/common.cfg ......
[2008-05-19 20:42:07 849576][135960656] Read /srv/site_wizard/d5/cfg/common.cfg Successfully.
[2008-05-19 20:42:07 849665][135960656] Begin to read /srv/site_wizard/d5/cfg/siteinfo.cfg ......
[2008-05-19 20:42:07 850425][135960656] Read /srv/site_wizard/d5/cfg/siteinfo.cfg successfully.
[2008-05-19 20:42:07 853088][135960656] ===Init configmng module successfully===
[2008-05-19 20:42:07 853185][135960656] Begin to create ShareMem(/srv/site_wizard/d5/bin, 0)......
[2008-05-19 20:42:07 853549][135960656] Create ShareMem(id=6ae44) successfully.
[2008-05-19 20:42:07 853638][135960656] ===Init maintain module successfully===
[2008-05-19 20:42:07 853712][135960656] Begin to create socket server(ALL, 21827)......
[2008-05-19 20:42:07 853846][135960656] Create socket server(ALL, 21827) successfully
[2008-05-19 20:42:07 853918][135960656] ===Create server(ALL,21827) socket listen successfully===
[2008-05-19 20:42:07 854028][135960656] ===Init queuemng module successfully===
[2008-05-19 20:42:07 854098][135960656] Begin to create ConnectThread(1)......
[2008-05-19 20:42:07 854224][135960656] Begin to create RecvThread(30)......
[2008-05-19 20:42:07 858111][135960656] Begin to create P_MaintainThread(1)......
[2008-05-19 20:42:07 858283][135960656] Begin to create R_MaintainThread(1)......
[2008-05-19 20:42:07 858398][135960656] ===Init all child thread successfully===
[2008-05-19 20:42:07 858477][135960656] newoctopusd(135960656) starts successfully and is running......
[2008-05-19 20:42:07 861924][135960656] Send message:章鱼报警[PleaseAddFlagName][ALL]系统启动成功，运行中...... to 13827437434
[2008-05-19 20:42:07 957026][3078183824] RecvthreadID = 3078183824 PID = 15469
[2008-05-19 20:42:07 957178][3069791120] RecvthreadID = 3069791120 PID = 15469
[2008-05-19 20:42:07 957281][3061398416] RecvthreadID = 3061398416 PID = 15469
[2008-05-19 20:42:07 957379][3053005712] RecvthreadID = 3053005712 PID = 15469
[2008-05-19 20:42:07 957476][3044613008] RecvthreadID = 3044613008 PID = 15469
[2008-05-19 20:42:07 957573][3036220304] RecvthreadID = 3036220304 PID = 15469
[2008-05-19 20:42:07 957671][3027827600] RecvthreadID = 3027827600 PID = 15469
[2008-05-19 20:42:07 957799][3019434896] RecvthreadID = 3019434896 PID = 15469
[2008-05-19 20:42:07 957899][3011042192] RecvthreadID = 3011042192 PID = 15469
[2008-05-19 20:42:07 957997][3002649488] RecvthreadID = 3002649488 PID = 15469
[2008-05-19 20:42:07 958096][2994256784] RecvthreadID = 2994256784 PID = 15469
[2008-05-19 20:42:07 958193][2985864080] RecvthreadID = 2985864080 PID = 15469
[2008-05-19 20:42:07 958289][2977471376] RecvthreadID = 2977471376 PID = 15469
[2008-05-19 20:42:07 961267][2960685968] RecvthreadID = 2960685968 PID = 15469
[2008-05-19 20:42:07 961388][2952293264] RecvthreadID = 2952293264 PID = 15469
[2008-05-19 20:42:07 961486][2943900560] RecvthreadID = 2943900560 PID = 15469
[2008-05-19 20:42:07 961584][2935507856] RecvthreadID = 2935507856 PID = 15469
[2008-05-19 20:42:07 961683][2927115152] RecvthreadID = 2927115152 PID = 15469
[2008-05-19 20:42:07 961781][2918722448] RecvthreadID = 2918722448 PID = 15469
[2008-05-19 20:42:07 961879][2910329744] RecvthreadID = 2910329744 PID = 15469
[2008-05-19 20:42:07 961977][2901937040] RecvthreadID = 2901937040 PID = 15469
[2008-05-19 20:42:07 962076][2893544336] RecvthreadID = 2893544336 PID = 15469
[2008-05-19 20:42:07 962174][2885151632] RecvthreadID = 2885151632 PID = 15469
[2008-05-19 20:42:07 962272][2876758928] RecvthreadID = 2876758928 PID = 15469
[2008-05-19 20:42:07 962369][2868366224] RecvthreadID = 2868366224 PID = 15469
[2008-05-19 20:42:07 962468][2859973520] RecvthreadID = 2859973520 PID = 15469
[2008-05-19 20:42:07 964838][2851580816] RecvthreadID = 2851580816 PID = 15469
[2008-05-19 20:42:07 964944][2843188112] RecvthreadID = 2843188112 PID = 15469
[2008-05-19 20:42:07 965124][2834795408] RecvthreadID = 2834795408 PID = 15469
[2008-05-19 20:42:07 965218][2826402704] P_MaintainthreadID = 2826402704 PID = 15469
[2008-05-19 20:42:07 965319][2818010000] R_MaintainthreadID = 2818010000 PID = 15469
[2008-05-19 20:42:07 965597][3086576528] ConnectthreadID = 3086576528 PID = 15469
[2008-05-19 20:42:07 965710][2969078672] RecvthreadID = 2969078672 PID = 15469
[2008-05-19 20:42:17 862160][135960656] Connect to Server(172.16.19.55) failed, checksocket timeout.
[2010-09-09 20:14:16 591837][135960656] newoctopusd begin to running......
[2010-09-09 20:14:16 602956][135960656] ===Init logmng module successfully===
[2010-09-09 20:14:16 603082][135960656] Begin to read /home/bud/newoctopusd/sample/d5/cfg/common.cfg ......
[2010-09-09 20:14:16 619221][135960656] Read /home/bud/newoctopusd/sample/d5/cfg/common.cfg Successfully.
[2010-09-09 20:14:16 619325][135960656] Begin to read /home/bud/newoctopusd/sample/d5/cfg/siteinfo.cfg ......
[2010-09-09 20:14:16 620132][135960656] Read /home/bud/newoctopusd/sample/d5/cfg/siteinfo.cfg successfully.
[2010-09-09 20:14:16 620284][135960656] ===Init configmng module successfully===
[2010-09-09 20:14:16 626444][135960656] Begin to create ShareMem(/home/bud/newoctopusd/sample/d5/bin, 0)......
[2010-09-09 20:14:16 626633][135960656] Create ShareMem(id=56ccd) successfully.
[2010-09-09 20:14:16 626724][135960656] ===Init maintain module successfully===
[2010-09-09 20:14:16 626801][135960656] Begin to create socket server(ALL, 21827)......
[2010-09-09 20:14:16 626936][135960656] Create socket server(ALL, 21827) successfully
[2010-09-09 20:14:16 627011][135960656] ===Create server(ALL,21827) socket listen successfully===
[2010-09-09 20:14:16 627128][135960656] ===Init queuemng module successfully===
[2010-09-09 20:14:16 627200][135960656] Begin to create ConnectThread(1)......
[2010-09-09 20:14:16 627334][135960656] Begin to create RecvThread(30)......
[2010-09-09 20:14:16 630484][135960656] Begin to create P_MaintainThread(1)......
[2010-09-09 20:14:16 630633][135960656] Begin to create R_MaintainThread(1)......
[2010-09-09 20:14:16 630780][135960656] ===Init all child thread successfully===
[2010-09-09 20:14:16 630870][135960656] newoctopusd(135960656) starts successfully and is running......
[2010-09-09 20:14:16 631610][135960656] Send message:章鱼报警[PleaseAddFlagName][ALL]系统启动成功，运行中...... to 13827437434
[2010-09-09 20:14:16 774300][3086281616] ConnectthreadID = 3086281616 PID = 4873
[2010-09-09 20:14:16 774510][3077888912] RecvthreadID = 3077888912 PID = 4873
[2010-09-09 20:14:16 774617][3069496208] RecvthreadID = 3069496208 PID = 4873
[2010-09-09 20:14:16 774721][3061103504] RecvthreadID = 3061103504 PID = 4873
[2010-09-09 20:14:16 774823][3052710800] RecvthreadID = 3052710800 PID = 4873
[2010-09-09 20:14:16 774924][3044318096] RecvthreadID = 3044318096 PID = 4873
[2010-09-09 20:14:16 775023][3035925392] RecvthreadID = 3035925392 PID = 4873
[2010-09-09 20:14:16 775125][3027532688] RecvthreadID = 3027532688 PID = 4873
[2010-09-09 20:14:16 775225][3019139984] RecvthreadID = 3019139984 PID = 4873
[2010-09-09 20:14:16 775325][3010747280] RecvthreadID = 3010747280 PID = 4873
[2010-09-09 20:14:16 775425][3002354576] RecvthreadID = 3002354576 PID = 4873
[2010-09-09 20:14:16 775526][2993961872] RecvthreadID = 2993961872 PID = 4873
[2010-09-09 20:14:16 775626][2985569168] RecvthreadID = 2985569168 PID = 4873
[2010-09-09 20:14:16 775726][2977176464] RecvthreadID = 2977176464 PID = 4873
[2010-09-09 20:14:16 775826][2968783760] RecvthreadID = 2968783760 PID = 4873
[2010-09-09 20:14:16 775926][2960391056] RecvthreadID = 2960391056 PID = 4873
[2010-09-09 20:14:16 776026][2951998352] RecvthreadID = 2951998352 PID = 4873
[2010-09-09 20:14:16 776126][2943605648] RecvthreadID = 2943605648 PID = 4873
[2010-09-09 20:14:16 776226][2935212944] RecvthreadID = 2935212944 PID = 4873
[2010-09-09 20:14:16 776326][2926820240] RecvthreadID = 2926820240 PID = 4873
[2010-09-09 20:14:16 778462][2918427536] RecvthreadID = 2918427536 PID = 4873
[2010-09-09 20:14:16 778655][2910034832] RecvthreadID = 2910034832 PID = 4873
[2010-09-09 20:14:16 778756][2901642128] RecvthreadID = 2901642128 PID = 4873
[2010-09-09 20:14:16 778973][2893249424] RecvthreadID = 2893249424 PID = 4873
[2010-09-09 20:14:16 779072][2884856720] RecvthreadID = 2884856720 PID = 4873
[2010-09-09 20:14:16 779173][2876464016] RecvthreadID = 2876464016 PID = 4873
[2010-09-09 20:14:16 779272][2868071312] RecvthreadID = 2868071312 PID = 4873
[2010-09-09 20:14:16 779370][2859678608] RecvthreadID = 2859678608 PID = 4873
[2010-09-09 20:14:16 779470][2851285904] RecvthreadID = 2851285904 PID = 4873
[2010-09-09 20:14:16 779570][2842893200] RecvthreadID = 2842893200 PID = 4873
[2010-09-09 20:14:16 779676][2834500496] RecvthreadID = 2834500496 PID = 4873
[2010-09-09 20:14:16 779770][2826107792] P_MaintainthreadID = 2826107792 PID = 4873
[2010-09-09 20:14:16 779871][2817715088] R_MaintainthreadID = 2817715088 PID = 4873
[2010-09-09 20:14:26 631151][135960656] Connect to Server(172.16.19.55) failed, checksocket timeout.
[2010-09-10 10:43:09 793143][135960656] newoctopusd begin to running......
[2010-09-10 10:43:09 793381][135960656] ===Init logmng module successfully===
[2010-09-10 10:43:09 793491][135960656] Begin to read /home/bud/newoctopusd/newoctopusd/sample/d5/cfg/common.cfg ......
[2010-09-10 10:43:09 794163][135960656] Read /home/bud/newoctopusd/newoctopusd/sample/d5/cfg/common.cfg Successfully.
[2010-09-10 10:43:09 794272][135960656] Begin to read /home/bud/newoctopusd/newoctopusd/sample/d5/cfg/siteinfo.cfg ......
[2010-09-10 10:43:09 795023][135960656] Read /home/bud/newoctopusd/newoctopusd/sample/d5/cfg/siteinfo.cfg successfully.
[2010-09-10 10:43:09 795185][135960656] ===Init configmng module successfully===
[2010-09-10 10:43:09 795279][135960656] Begin to create ShareMem(/home/bud/newoctopusd/newoctopusd/sample/d5/bin, 0)......
[2010-09-10 10:43:09 795450][135960656] Create ShareMem(id=260e3) successfully.
[2010-09-10 10:43:09 795547][135960656] ===Init maintain module successfully===
[2010-09-10 10:43:09 795634][135960656] Begin to create socket server(ALL, 21827)......
[2010-09-10 10:43:09 795799][135960656] Create socket server(ALL, 21827) successfully
[2010-09-10 10:43:09 795890][135960656] ===Create server(ALL,21827) socket listen successfully===
[2010-09-10 10:43:09 796057][135960656] ===Init queuemng module successfully===
[2010-09-10 10:43:09 796151][135960656] Begin to create ConnectThread(1)......
[2010-09-10 10:43:09 796334][135960656] Begin to create RecvThread(30)......
[2010-09-10 10:43:09 799592][135960656] Begin to create P_MaintainThread(1)......
[2010-09-10 10:43:09 799821][135960656] Begin to create R_MaintainThread(1)......
[2010-09-10 10:43:09 799989][135960656] ===Init all child thread successfully===
[2010-09-10 10:43:09 800412][135960656] newoctopusd(135960656) starts successfully and is running......
[2010-09-10 10:43:09 800767][135960656] Send message:章鱼报警[PleaseAddFlagName][ALL]系统启动成功，运行中...... to 13827437434
[2010-09-10 10:43:09 896404][3077888880] ConnectthreadID = 3077888880 PID = 1111
[2010-09-10 10:43:09 896687][3061103472] RecvthreadID = 3061103472 PID = 1111
[2010-09-10 10:43:09 897510][3069496176] RecvthreadID = 3069496176 PID = 1111
[2010-09-10 10:43:09 898080][3044318064] RecvthreadID = 3044318064 PID = 1111
[2010-09-10 10:43:09 898249][3027532656] RecvthreadID = 3027532656 PID = 1111
[2010-09-10 10:43:09 898438][2993961840] RecvthreadID = 2993961840 PID = 1111
[2010-09-10 10:43:09 898596][2977176432] RecvthreadID = 2977176432 PID = 1111
[2010-09-10 10:43:09 898883][3052710768] RecvthreadID = 3052710768 PID = 1111
[2010-09-10 10:43:09 899124][2901642096] RecvthreadID = 2901642096 PID = 1111
[2010-09-10 10:43:09 899305][2884856688] RecvthreadID = 2884856688 PID = 1111
[2010-09-10 10:43:09 899462][2868071280] RecvthreadID = 2868071280 PID = 1111
[2010-09-10 10:43:09 899640][2834500464] RecvthreadID = 2834500464 PID = 1111
[2010-09-10 10:43:09 899767][2826107760] RecvthreadID = 2826107760 PID = 1111
[2010-09-10 10:43:09 899943][2817715056] P_MaintainthreadID = 2817715056 PID = 1111
[2010-09-10 10:43:09 900207][3035925360] RecvthreadID = 3035925360 PID = 1111
[2010-09-10 10:43:09 900371][3019139952] RecvthreadID = 3019139952 PID = 1111
[2010-09-10 10:43:09 900531][3010747248] RecvthreadID = 3010747248 PID = 1111
[2010-09-10 10:43:09 900678][3002354544] RecvthreadID = 3002354544 PID = 1111
[2010-09-10 10:43:09 900836][2985569136] RecvthreadID = 2985569136 PID = 1111
[2010-09-10 10:43:09 900994][2968783728] RecvthreadID = 2968783728 PID = 1111
[2010-09-10 10:43:09 901131][2960391024] RecvthreadID = 2960391024 PID = 1111
[2010-09-10 10:43:09 901276][2951998320] RecvthreadID = 2951998320 PID = 1111
[2010-09-10 10:43:09 901458][2943605616] RecvthreadID = 2943605616 PID = 1111
[2010-09-10 10:43:09 901620][2935212912] RecvthreadID = 2935212912 PID = 1111
[2010-09-10 10:43:09 901776][2926820208] RecvthreadID = 2926820208 PID = 1111
[2010-09-10 10:43:09 901939][2918427504] RecvthreadID = 2918427504 PID = 1111
[2010-09-10 10:43:09 902100][2910034800] RecvthreadID = 2910034800 PID = 1111
[2010-09-10 10:43:09 902281][2893249392] RecvthreadID = 2893249392 PID = 1111
[2010-09-10 10:43:09 902420][2876463984] RecvthreadID = 2876463984 PID = 1111
[2010-09-10 10:43:09 902582][2859678576] RecvthreadID = 2859678576 PID = 1111
[2010-09-10 10:43:09 902743][2851285872] RecvthreadID = 2851285872 PID = 1111
[2010-09-10 10:43:09 902903][2842893168] RecvthreadID = 2842893168 PID = 1111
[2010-09-10 10:43:12 364455][2809322352] R_MaintainthreadID = 2809322352 PID = 1111
[2010-09-10 10:43:19 811046][135960656] Connect to Server(172.16.19.55) failed, checksocket timeout.
[2010-09-10 11:09:36 674975][135960656] MainProcess recv a exit notice and forward it to its 33 children.
[2010-09-10 11:09:36 675510][2960391024] RecvThread(2960391024) recv an exit notice, so exit.
[2010-09-10 11:09:36 675704][2884856688] RecvThread(2884856688) recv an exit notice, so exit.
[2010-09-10 11:09:36 675815][3027532656] RecvThread(3027532656) recv an exit notice, so exit.
[2010-09-10 11:09:36 675931][2901642096] RecvThread(2901642096) recv an exit notice, so exit.
[2010-09-10 11:09:36 676001][2926820208] RecvThread(2926820208) recv an exit notice, so exit.
[2010-09-10 11:09:36 676107][3069496176] RecvThread(3069496176) recv an exit notice, so exit.
[2010-09-10 11:09:36 676168][3002354544] RecvThread(3002354544) recv an exit notice, so exit.
[2010-09-10 11:09:36 676229][2935212912] RecvThread(2935212912) recv an exit notice, so exit.
[2010-09-10 11:09:36 676296][2851285872] RecvThread(2851285872) recv an exit notice, so exit.
[2010-09-10 11:09:36 676356][2968783728] RecvThread(2968783728) recv an exit notice, so exit.
[2010-09-10 11:09:36 676423][2842893168] RecvThread(2842893168) recv an exit notice, so exit.
[2010-09-10 11:09:36 676491][3035925360] RecvThread(3035925360) recv an exit notice, so exit.
[2010-09-10 11:09:36 676582][2977176432] RecvThread(2977176432) recv an exit notice, so exit.
[2010-09-10 11:09:36 676643][3061103472] RecvThread(3061103472) recv an exit notice, so exit.
[2010-09-10 11:09:36 676710][2910034800] RecvThread(2910034800) recv an exit notice, so exit.
[2010-09-10 11:09:36 676793][3010747248] RecvThread(3010747248) recv an exit notice, so exit.
[2010-09-10 11:09:36 676853][2918427504] RecvThread(2918427504) recv an exit notice, so exit.
[2010-09-10 11:09:36 676929][3019139952] RecvThread(3019139952) recv an exit notice, so exit.
[2010-09-10 11:09:36 677029][2893249392] RecvThread(2893249392) recv an exit notice, so exit.
[2010-09-10 11:09:36 677113][3052710768] RecvThread(3052710768) recv an exit notice, so exit.
[2010-09-10 11:09:36 677224][2868071280] RecvThread(2868071280) recv an exit notice, so exit.
[2010-09-10 11:09:36 677284][2876463984] RecvThread(2876463984) recv an exit notice, so exit.
[2010-09-10 11:09:36 677360][2993961840] RecvThread(2993961840) recv an exit notice, so exit.
[2010-09-10 11:09:36 677436][2859678576] RecvThread(2859678576) recv an exit notice, so exit.
[2010-09-10 11:09:36 677519][3044318064] RecvThread(3044318064) recv an exit notice, so exit.
[2010-09-10 11:09:36 677662][2943605616] RecvThread(2943605616) recv an exit notice, so exit.
[2010-09-10 11:09:36 677788][2834500464] RecvThread(2834500464) recv an exit notice, so exit.
[2010-09-10 11:09:36 677876][2826107760] RecvThread(2826107760) recv an exit notice, so exit.
[2010-09-10 11:09:36 677936][2985569136] RecvThread(2985569136) recv an exit notice, so exit.
[2010-09-10 11:09:36 678033][2951998320] RecvThread(2951998320) recv an exit notice, so exit.
[2010-09-10 11:09:36 735054][3077888880] ConnectThread(3077888880) recv an exit notice, so exit.
[2010-09-10 11:09:36 975195][2809322352] R_MaintainThread(2809322352) recv an exit notice, so exit.
[2010-09-10 11:09:37 516420][2817715056] P_MaintainThread(2817715056) recv an exit notice, so exit.
[2010-09-10 11:09:37 577333][135960656] all children exited, begin to save duty queue.
[2010-09-10 11:09:37 577474][135960656] MainProcess confirm all children exited and exit itself.
[2010-09-10 16:04:26 161903][135960656] newoctopusd begin to running......
[2010-09-10 16:04:26 513001][135960656] ===Init logmng module successfully===
[2010-09-10 16:04:26 513185][135960656] Begin to read /home/bud/newoctopusd/newoctopusd/sample/d5/cfg/common.cfg ......
[2010-09-10 16:04:26 514001][135960656] Read /home/bud/newoctopusd/newoctopusd/sample/d5/cfg/common.cfg Successfully.
[2010-09-10 16:04:26 514064][135960656] Begin to read /home/bud/newoctopusd/newoctopusd/sample/d5/cfg/siteinfo.cfg ......
[2010-09-10 16:04:26 514674][135960656] Read /home/bud/newoctopusd/newoctopusd/sample/d5/cfg/siteinfo.cfg successfully.
[2010-09-10 16:04:26 514769][135960656] ===Init configmng module successfully===
[2010-09-10 16:04:26 514813][135960656] Begin to create ShareMem(/home/bud/newoctopusd/newoctopusd/sample/d5/bin, 0)......
[2010-09-10 16:04:26 514886][135960656] ShareMem(id=260e3) exist, use it.
[2010-09-10 16:04:26 514956][135960656] ===Init maintain module successfully===
[2010-09-10 16:04:26 514995][135960656] Begin to create socket server(ALL, 21827)......
[2010-09-10 16:04:26 515091][135960656] Create socket server(ALL, 21827) successfully
[2010-09-10 16:04:26 515131][135960656] ===Create server(ALL,21827) socket listen successfully===
[2010-09-10 16:04:26 515187][135960656] ===Init queuemng module successfully===
[2010-09-10 16:04:26 515224][135960656] Begin to create ConnectThread(1)......
[2010-09-10 16:04:26 515381][135960656] Begin to create RecvThread(30)......
[2010-09-10 16:04:26 516253][135960656] Begin to create P_MaintainThread(1)......
[2010-09-10 16:04:26 516372][135960656] Begin to create R_MaintainThread(1)......
[2010-09-10 16:04:26 516444][135960656] ===Init all child thread successfully===
[2010-09-10 16:04:26 516492][135960656] newoctopusd(135960656) starts successfully and is running......
[2010-09-10 16:04:26 616905][2809666416] R_MaintainthreadID = 2809666416 PID = 4840
[2010-09-10 16:04:27 055824][3078232944] ConnectthreadID = 3078232944 PID = 4840
[2010-09-10 16:04:27 586252][2901986160] RecvthreadID = 2901986160 PID = 4840
[2010-09-10 16:04:27 586569][3044662128] RecvthreadID = 3044662128 PID = 4840
[2010-09-10 16:04:27 586701][3069840240] RecvthreadID = 3069840240 PID = 4840
[2010-09-10 16:04:27 586815][3027876720] RecvthreadID = 3027876720 PID = 4840
[2010-09-10 16:04:27 586909][2994305904] RecvthreadID = 2994305904 PID = 4840
[2010-09-10 16:04:27 587031][2927164272] RecvthreadID = 2927164272 PID = 4840
[2010-09-10 16:04:27 587152][2860022640] RecvthreadID = 2860022640 PID = 4840
[2010-09-10 16:04:27 587236][2893593456] RecvthreadID = 2893593456 PID = 4840
[2010-09-10 16:04:27 587300][2960735088] RecvthreadID = 2960735088 PID = 4840
[2010-09-10 16:04:27 587358][3011091312] RecvthreadID = 3011091312 PID = 4840
[2010-09-10 16:04:27 587422][2851629936] RecvthreadID = 2851629936 PID = 4840
[2010-09-10 16:04:27 587484][2969127792] RecvthreadID = 2969127792 PID = 4840
[2010-09-10 16:04:27 587544][2935556976] RecvthreadID = 2935556976 PID = 4840
[2010-09-10 16:04:27 587628][2885200752] RecvthreadID = 2885200752 PID = 4840
[2010-09-10 16:04:27 587689][3036269424] RecvthreadID = 3036269424 PID = 4840
[2010-09-10 16:04:27 587802][3061447536] RecvthreadID = 3061447536 PID = 4840
[2010-09-10 16:04:27 587889][2943949680] RecvthreadID = 2943949680 PID = 4840
[2010-09-10 16:04:27 587966][2952342384] RecvthreadID = 2952342384 PID = 4840
[2010-09-10 16:04:27 588073][3053054832] RecvthreadID = 3053054832 PID = 4840
[2010-09-10 16:04:27 588136][3019484016] RecvthreadID = 3019484016 PID = 4840
[2010-09-10 16:04:27 588223][2977520496] RecvthreadID = 2977520496 PID = 4840
[2010-09-10 16:04:27 588309][2843237232] RecvthreadID = 2843237232 PID = 4840
[2010-09-10 16:04:27 588408][2818059120] P_MaintainthreadID = 2818059120 PID = 4840
[2010-09-10 16:04:27 588497][2918771568] RecvthreadID = 2918771568 PID = 4840
[2010-09-10 16:04:27 588593][2985913200] RecvthreadID = 2985913200 PID = 4840
[2010-09-10 16:04:27 588676][2910378864] RecvthreadID = 2910378864 PID = 4840
[2010-09-10 16:04:27 588765][2876808048] RecvthreadID = 2876808048 PID = 4840
[2010-09-10 16:04:27 588844][2834844528] RecvthreadID = 2834844528 PID = 4840
[2010-09-10 16:04:27 588932][3002698608] RecvthreadID = 3002698608 PID = 4840
[2010-09-10 16:04:27 589023][2826451824] RecvthreadID = 2826451824 PID = 4840
[2010-09-10 16:04:27 589107][2868415344] RecvthreadID = 2868415344 PID = 4840
[2010-09-10 16:04:27 852134][135960656] Send message:章鱼报警[PleaseAddFlagName][ALL]系统启动成功，运行中...... to 13827437434
[2010-09-10 16:04:37 862524][135960656] Connect to Server(172.16.19.55) failed, checksocket timeout.
[2010-09-10 16:15:06 497182][135960656] MainProcess recv a exit notice and forward it to its 33 children.
[2010-09-10 16:15:06 497392][3053054832] RecvThread(3053054832) recv an exit notice, so exit.
[2010-09-10 16:15:06 497542][2943949680] RecvThread(2943949680) recv an exit notice, so exit.
[2010-09-10 16:15:06 497669][2985913200] RecvThread(2985913200) recv an exit notice, so exit.
[2010-09-10 16:15:06 497794][2977520496] RecvThread(2977520496) recv an exit notice, so exit.
[2010-09-10 16:15:06 497918][2885200752] RecvThread(2885200752) recv an exit notice, so exit.
[2010-09-10 16:15:06 498041][3069840240] RecvThread(3069840240) recv an exit notice, so exit.
[2010-09-10 16:15:06 498195][2918771568] RecvThread(2918771568) recv an exit notice, so exit.
[2010-09-10 16:15:06 498320][3027876720] RecvThread(3027876720) recv an exit notice, so exit.
[2010-09-10 16:15:06 498443][3011091312] RecvThread(3011091312) recv an exit notice, so exit.
[2010-09-10 16:15:06 498565][2952342384] RecvThread(2952342384) recv an exit notice, so exit.
[2010-09-10 16:15:06 498687][3044662128] RecvThread(3044662128) recv an exit notice, so exit.
[2010-09-10 16:15:06 498809][2910378864] RecvThread(2910378864) recv an exit notice, so exit.
[2010-09-10 16:15:06 498931][2851629936] RecvThread(2851629936) recv an exit notice, so exit.
[2010-09-10 16:15:06 499053][3036269424] RecvThread(3036269424) recv an exit notice, so exit.
[2010-09-10 16:15:06 499175][2843237232] RecvThread(2843237232) recv an exit notice, so exit.
[2010-09-10 16:15:06 499297][2994305904] RecvThread(2994305904) recv an exit notice, so exit.
[2010-09-10 16:15:06 499428][2826451824] RecvThread(2826451824) recv an exit notice, so exit.
[2010-09-10 16:15:06 499551][3019484016] RecvThread(3019484016) recv an exit notice, so exit.
[2010-09-10 16:15:06 499673][2860022640] RecvThread(2860022640) recv an exit notice, so exit.
[2010-09-10 16:15:06 499795][2901986160] RecvThread(2901986160) recv an exit notice, so exit.
[2010-09-10 16:15:06 499917][2893593456] RecvThread(2893593456) recv an exit notice, so exit.
[2010-09-10 16:15:06 500089][2935556976] RecvThread(2935556976) recv an exit notice, so exit.
[2010-09-10 16:15:06 500218][2834844528] RecvThread(2834844528) recv an exit notice, so exit.
[2010-09-10 16:15:06 500342][2876808048] RecvThread(2876808048) recv an exit notice, so exit.
[2010-09-10 16:15:06 500464][3061447536] RecvThread(3061447536) recv an exit notice, so exit.
[2010-09-10 16:15:06 500586][2969127792] RecvThread(2969127792) recv an exit notice, so exit.
[2010-09-10 16:15:06 500707][2868415344] RecvThread(2868415344) recv an exit notice, so exit.
[2010-09-10 16:15:06 500859][2927164272] RecvThread(2927164272) recv an exit notice, so exit.
[2010-09-10 16:15:06 500980][2960735088] RecvThread(2960735088) recv an exit notice, so exit.
[2010-09-10 16:15:06 501099][3002698608] RecvThread(3002698608) recv an exit notice, so exit.
[2010-09-10 16:15:06 828197][3078232944] ConnectThread(3078232944) recv an exit notice, so exit.
[2010-09-10 16:15:07 230223][2818059120] P_MaintainThread(2818059120) recv an exit notice, so exit.
[2010-09-10 16:15:07 270548][2809666416] R_MaintainThread(2809666416) recv an exit notice, so exit.
[2010-09-10 16:15:07 300089][135960656] all children exited, begin to save duty queue.
[2010-09-10 16:15:07 300192][135960656] MainProcess confirm all children exited and exit itself.
[2010-09-11 14:53:39 871497][135960656] newoctopusd begin to running......
[2010-09-11 14:53:39 871618][135960656] ===Init logmng module successfully===
[2010-09-11 14:53:39 871666][135960656] Begin to read /home/bud/newoctopusd/octopusd/sample/d5/cfg/common.cfg ......
[2010-09-11 14:53:39 871973][135960656] Read /home/bud/newoctopusd/octopusd/sample/d5/cfg/common.cfg Successfully.
[2010-09-11 14:53:39 872022][135960656] Begin to read /home/bud/newoctopusd/octopusd/sample/d5/cfg/siteinfo.cfg ......
[2010-09-11 14:53:39 872352][135960656] Read /home/bud/newoctopusd/octopusd/sample/d5/cfg/siteinfo.cfg successfully.
[2010-09-11 14:53:39 872423][135960656] ===Init configmng module successfully===
[2010-09-11 14:53:39 872464][135960656] Begin to create ShareMem(/home/bud/newoctopusd/octopusd/sample/d5/bin, 0)......
[2010-09-11 14:53:39 872555][135960656] Create ShareMem(id=265c2) successfully.
[2010-09-11 14:53:39 872599][135960656] ===Init maintain module successfully===
[2010-09-11 14:53:39 872637][135960656] Begin to create socket server(ALL, 21827)......
[2010-09-11 14:53:39 872728][135960656] Create socket server(ALL, 21827) successfully
[2010-09-11 14:53:39 872768][135960656] ===Create server(ALL,21827) socket listen successfully===
[2010-09-11 14:53:39 872826][135960656] ===Init queuemng module successfully===
[2010-09-11 14:53:39 872864][135960656] Begin to create ConnectThread(1)......
[2010-09-11 14:53:39 872963][135960656] Begin to create RecvThread(30)......
[2010-09-11 14:53:39 873724][135960656] Begin to create P_MaintainThread(1)......
[2010-09-11 14:53:39 873826][135960656] Begin to create R_MaintainThread(1)......
[2010-09-11 14:53:39 873900][135960656] ===Init all child thread successfully===
[2010-09-11 14:53:39 873946][135960656] newoctopusd(135960656) starts successfully and is running......
[2010-09-11 14:53:39 874095][135960656] Send message:章鱼报警[PleaseAddFlagName][ALL]系统启动成功，运行中...... to 13827437434
[2010-09-11 14:53:40 544292][3077835632] ConnectthreadID = 3077835632 PID = 5227
[2010-09-11 14:53:40 939580][2884803440] RecvthreadID = 2884803440 PID = 5227
[2010-09-11 14:53:40 939906][2826054512] RecvthreadID = 2826054512 PID = 5227
[2010-09-11 14:53:40 940032][3002301296] RecvthreadID = 3002301296 PID = 5227
[2010-09-11 14:53:40 940159][2893196144] RecvthreadID = 2893196144 PID = 5227
[2010-09-11 14:53:40 940283][3069442928] RecvthreadID = 3069442928 PID = 5227
[2010-09-11 14:53:40 940399][2918374256] RecvthreadID = 2918374256 PID = 5227
[2010-09-11 14:53:40 940506][2834447216] RecvthreadID = 2834447216 PID = 5227
[2010-09-11 14:53:40 940578][2968730480] RecvthreadID = 2968730480 PID = 5227
[2010-09-11 14:53:40 940640][3010694000] RecvthreadID = 3010694000 PID = 5227
[2010-09-11 14:53:40 940701][2901588848] RecvthreadID = 2901588848 PID = 5227
[2010-09-11 14:53:40 940763][2876410736] RecvthreadID = 2876410736 PID = 5227
[2010-09-11 14:53:40 940824][2909981552] RecvthreadID = 2909981552 PID = 5227
[2010-09-11 14:53:40 940886][3035872112] RecvthreadID = 3035872112 PID = 5227
[2010-09-11 14:53:40 940972][2851232624] RecvthreadID = 2851232624 PID = 5227
[2010-09-11 14:53:40 941051][2859625328] RecvthreadID = 2859625328 PID = 5227
[2010-09-11 14:53:40 941123][2943552368] RecvthreadID = 2943552368 PID = 5227
[2010-09-11 14:53:40 941236][2926766960] RecvthreadID = 2926766960 PID = 5227
[2010-09-11 14:53:40 941323][3044264816] RecvthreadID = 3044264816 PID = 5227
[2010-09-11 14:53:40 941385][3019086704] RecvthreadID = 3019086704 PID = 5227
[2010-09-11 14:53:40 941469][3027479408] RecvthreadID = 3027479408 PID = 5227
[2010-09-11 14:53:40 941546][2977123184] RecvthreadID = 2977123184 PID = 5227
[2010-09-11 14:53:40 941630][2868018032] RecvthreadID = 2868018032 PID = 5227
[2010-09-11 14:53:40 941722][2960337776] RecvthreadID = 2960337776 PID = 5227
[2010-09-11 14:53:40 941822][2935159664] RecvthreadID = 2935159664 PID = 5227
[2010-09-11 14:53:40 941906][2951945072] RecvthreadID = 2951945072 PID = 5227
[2010-09-11 14:53:40 941988][2985515888] RecvthreadID = 2985515888 PID = 5227
[2010-09-11 14:53:40 942090][2817661808] P_MaintainthreadID = 2817661808 PID = 5227
[2010-09-11 14:53:40 942213][2809269104] R_MaintainthreadID = 2809269104 PID = 5227
[2010-09-11 14:53:40 942305][3061050224] RecvthreadID = 3061050224 PID = 5227
[2010-09-11 14:53:40 942398][2993908592] RecvthreadID = 2993908592 PID = 5227
[2010-09-11 14:53:40 942484][2842839920] RecvthreadID = 2842839920 PID = 5227
[2010-09-11 14:53:40 942584][3052657520] RecvthreadID = 3052657520 PID = 5227
[2010-09-11 14:53:51 192733][135960656] Connect to Server(172.16.19.55) failed, checksocket timeout.
[2010-09-11 14:54:02 204245][135960656] MainProcess recv a exit notice and forward it to its 33 children.
[2010-09-11 14:54:02 204519][2859625328] RecvThread(2859625328) recv an exit notice, so exit.
[2010-09-11 14:54:02 204688][2943552368] RecvThread(2943552368) recv an exit notice, so exit.
[2010-09-11 14:54:02 204837][2842839920] RecvThread(2842839920) recv an exit notice, so exit.
[2010-09-11 14:54:02 205042][2918374256] RecvThread(2918374256) recv an exit notice, so exit.
[2010-09-11 14:54:02 205175][2876410736] RecvThread(2876410736) recv an exit notice, so exit.
[2010-09-11 14:54:02 205313][2926766960] RecvThread(2926766960) recv an exit notice, so exit.
[2010-09-11 14:54:02 205418][3027479408] RecvThread(3027479408) recv an exit notice, so exit.
[2010-09-11 14:54:02 205511][3019086704] RecvThread(3019086704) recv an exit notice, so exit.
[2010-09-11 14:54:02 205634][2893196144] RecvThread(2893196144) recv an exit notice, so exit.
[2010-09-11 14:54:02 205726][2868018032] RecvThread(2868018032) recv an exit notice, so exit.
[2010-09-11 14:54:02 205818][2951945072] RecvThread(2951945072) recv an exit notice, so exit.
[2010-09-11 14:54:02 205915][3002301296] RecvThread(3002301296) recv an exit notice, so exit.
[2010-09-11 14:54:02 206007][2960337776] RecvThread(2960337776) recv an exit notice, so exit.
[2010-09-11 14:54:02 206189][3010694000] RecvThread(3010694000) recv an exit notice, so exit.
[2010-09-11 14:54:02 206318][2834447216] RecvThread(2834447216) recv an exit notice, so exit.
[2010-09-11 14:54:02 206445][3061050224] RecvThread(3061050224) recv an exit notice, so exit.
[2010-09-11 14:54:02 206570][2977123184] RecvThread(2977123184) recv an exit notice, so exit.
[2010-09-11 14:54:02 206662][2968730480] RecvThread(2968730480) recv an exit notice, so exit.
[2010-09-11 14:54:02 206795][2935159664] RecvThread(2935159664) recv an exit notice, so exit.
[2010-09-11 14:54:02 206888][2851232624] RecvThread(2851232624) recv an exit notice, so exit.
[2010-09-11 14:54:02 206994][3044264816] RecvThread(3044264816) recv an exit notice, so exit.
[2010-09-11 14:54:02 207087][3069442928] RecvThread(3069442928) recv an exit notice, so exit.
[2010-09-11 14:54:02 207199][2993908592] RecvThread(2993908592) recv an exit notice, so exit.
[2010-09-11 14:54:02 207305][3035872112] RecvThread(3035872112) recv an exit notice, so exit.
[2010-09-11 14:54:02 207438][3052657520] RecvThread(3052657520) recv an exit notice, so exit.
[2010-09-11 14:54:02 207563][2985515888] RecvThread(2985515888) recv an exit notice, so exit.
[2010-09-11 14:54:02 207687][2826054512] RecvThread(2826054512) recv an exit notice, so exit.
[2010-09-11 14:54:02 207782][2909981552] RecvThread(2909981552) recv an exit notice, so exit.
[2010-09-11 14:54:02 207952][2901588848] RecvThread(2901588848) recv an exit notice, so exit.
[2010-09-11 14:54:02 208286][2884803440] RecvThread(2884803440) recv an exit notice, so exit.
[2010-09-11 14:54:02 590847][3077835632] ConnectThread(3077835632) recv an exit notice, so exit.
[2010-09-11 14:54:02 964533][2809269104] R_MaintainThread(2809269104) recv an exit notice, so exit.
[2010-09-11 14:54:02 964688][2817661808] P_MaintainThread(2817661808) recv an exit notice, so exit.
[2010-09-11 14:54:03 006571][135960656] all children exited, begin to save duty queue.
[2010-09-11 14:54:03 006673][135960656] MainProcess confirm all children exited and exit itself.
[2010-09-11 20:09:53 941333][135960656] newoctopusd begin to running......
[2010-09-11 20:09:53 941464][135960656] ===Init logmng module successfully===
[2010-09-11 20:09:53 941517][135960656] Begin to read /home/bud/newoctopusd/octopusd/sample/d5/cfg/common.cfg ......
[2010-09-11 20:09:53 942121][135960656] Read /home/bud/newoctopusd/octopusd/sample/d5/cfg/common.cfg Successfully.
[2010-09-11 20:09:53 942235][135960656] Begin to read /home/bud/newoctopusd/octopusd/sample/d5/cfg/siteinfo.cfg ......
[2010-09-11 20:09:53 942574][135960656] Read /home/bud/newoctopusd/octopusd/sample/d5/cfg/siteinfo.cfg successfully.
[2010-09-11 20:09:53 942646][135960656] ===Init configmng module successfully===
[2010-09-11 20:09:53 942689][135960656] Begin to create ShareMem(/home/bud/newoctopusd/octopusd/sample/d5/bin, 0)......
[2010-09-11 20:09:53 942834][135960656] ShareMem(id=265c2) exist, use it.
[2010-09-11 20:09:53 942886][135960656] ===Init maintain module successfully===
[2010-09-11 20:09:53 942924][135960656] Begin to create socket server(ALL, 21827)......
[2010-09-11 20:09:53 943254][135960656] Create socket server(ALL, 21827) successfully
[2010-09-11 20:09:53 943299][135960656] ===Create server(ALL,21827) socket listen successfully===
[2010-09-11 20:09:53 943350][135960656] ===Init queuemng module successfully===
[2010-09-11 20:09:53 943388][135960656] Begin to create ConnectThread(1)......
[2010-09-11 20:09:53 943482][135960656] Begin to create RecvThread(30)......
[2010-09-11 20:09:53 947005][135960656] Begin to create P_MaintainThread(1)......
[2010-09-11 20:09:53 947181][135960656] Begin to create R_MaintainThread(1)......
[2010-09-11 20:09:53 947256][135960656] ===Init all child thread successfully===
[2010-09-11 20:09:53 948843][135960656] newoctopusd(135960656) starts successfully and is running......
[2010-09-11 20:09:53 949059][135960656] Send message:章鱼报警[PleaseAddFlagName][ALL]系统启动成功，运行中...... to 13827437434
[2010-09-11 20:09:54 043625][3077819248] ConnectthreadID = 3077819248 PID = 3664
[2010-09-11 20:09:54 045444][3069426544] RecvthreadID = 3069426544 PID = 3664
[2010-09-11 20:09:54 045622][3061033840] RecvthreadID = 3061033840 PID = 3664
[2010-09-11 20:09:54 046754][2935143280] RecvthreadID = 2935143280 PID = 3664
[2010-09-11 20:09:54 046852][2909965168] RecvthreadID = 2909965168 PID = 3664
[2010-09-11 20:09:54 046917][3052641136] RecvthreadID = 3052641136 PID = 3664
[2010-09-11 20:09:54 047009][3044248432] RecvthreadID = 3044248432 PID = 3664
[2010-09-11 20:09:54 047117][3035855728] RecvthreadID = 3035855728 PID = 3664
[2010-09-11 20:09:54 047209][3027463024] RecvthreadID = 3027463024 PID = 3664
[2010-09-11 20:09:54 047288][3019070320] RecvthreadID = 3019070320 PID = 3664
[2010-09-11 20:09:54 047397][3010677616] RecvthreadID = 3010677616 PID = 3664
[2010-09-11 20:09:54 047485][3002284912] RecvthreadID = 3002284912 PID = 3664
[2010-09-11 20:09:54 047597][2993892208] RecvthreadID = 2993892208 PID = 3664
[2010-09-11 20:09:54 048105][2985499504] RecvthreadID = 2985499504 PID = 3664
[2010-09-11 20:09:54 048205][2977106800] RecvthreadID = 2977106800 PID = 3664
[2010-09-11 20:09:54 048294][2968714096] RecvthreadID = 2968714096 PID = 3664
[2010-09-11 20:09:54 048380][2960321392] RecvthreadID = 2960321392 PID = 3664
[2010-09-11 20:09:54 048470][2951928688] RecvthreadID = 2951928688 PID = 3664
[2010-09-11 20:09:54 048558][2943535984] RecvthreadID = 2943535984 PID = 3664
[2010-09-11 20:09:54 048673][2926750576] RecvthreadID = 2926750576 PID = 3664
[2010-09-11 20:09:54 048764][2918357872] RecvthreadID = 2918357872 PID = 3664
[2010-09-11 20:09:54 048948][2842823536] RecvthreadID = 2842823536 PID = 3664
[2010-09-11 20:09:54 051231][2901572464] RecvthreadID = 2901572464 PID = 3664
[2010-09-11 20:09:54 051349][2876394352] RecvthreadID = 2876394352 PID = 3664
[2010-09-11 20:09:54 051438][2893179760] RecvthreadID = 2893179760 PID = 3664
[2010-09-11 20:09:54 051525][2859608944] RecvthreadID = 2859608944 PID = 3664
[2010-09-11 20:09:54 051612][2884787056] RecvthreadID = 2884787056 PID = 3664
[2010-09-11 20:09:54 051699][2868001648] RecvthreadID = 2868001648 PID = 3664
[2010-09-11 20:09:54 051790][2851216240] RecvthreadID = 2851216240 PID = 3664
[2010-09-11 20:09:54 051880][2817645424] P_MaintainthreadID = 2817645424 PID = 3664
[2010-09-11 20:09:54 051945][2809252720] R_MaintainthreadID = 2809252720 PID = 3664
[2010-09-11 20:09:54 052036][2834430832] RecvthreadID = 2834430832 PID = 3664
[2010-09-11 20:09:54 052127][2826038128] RecvthreadID = 2826038128 PID = 3664
[2010-09-11 20:10:03 959213][135960656] Connect to Server(172.16.19.55) failed, checksocket timeout.
[2010-09-11 20:11:03 019058][135960656] MainProcess recv a exit notice and forward it to its 33 children.
[2010-09-11 20:11:03 019210][3002284912] RecvThread(3002284912) recv an exit notice, so exit.
[2010-09-11 20:11:03 019281][2851216240] RecvThread(2851216240) recv an exit notice, so exit.
[2010-09-11 20:11:03 019357][2909965168] RecvThread(2909965168) recv an exit notice, so exit.
[2010-09-11 20:11:03 019435][2901572464] RecvThread(2901572464) recv an exit notice, so exit.
[2010-09-11 20:11:03 019492][2893179760] RecvThread(2893179760) recv an exit notice, so exit.
[2010-09-11 20:11:03 019566][2951928688] RecvThread(2951928688) recv an exit notice, so exit.
[2010-09-11 20:11:03 019623][2918357872] RecvThread(2918357872) recv an exit notice, so exit.
[2010-09-11 20:11:03 019698][2834430832] RecvThread(2834430832) recv an exit notice, so exit.
[2010-09-11 20:11:03 019779][2884787056] RecvThread(2884787056) recv an exit notice, so exit.
[2010-09-11 20:11:03 019836][3044248432] RecvThread(3044248432) recv an exit notice, so exit.
[2010-09-11 20:11:03 019894][2926750576] RecvThread(2926750576) recv an exit notice, so exit.
[2010-09-11 20:11:03 019969][2876394352] RecvThread(2876394352) recv an exit notice, so exit.
[2010-09-11 20:11:03 020042][3069426544] RecvThread(3069426544) recv an exit notice, so exit.
[2010-09-11 20:11:03 020100][3019070320] RecvThread(3019070320) recv an exit notice, so exit.
[2010-09-11 20:11:03 020157][3052641136] RecvThread(3052641136) recv an exit notice, so exit.
[2010-09-11 20:11:03 020214][2826038128] RecvThread(2826038128) recv an exit notice, so exit.
[2010-09-11 20:11:03 020272][2859608944] RecvThread(2859608944) recv an exit notice, so exit.
[2010-09-11 20:11:03 020330][2977106800] RecvThread(2977106800) recv an exit notice, so exit.
[2010-09-11 20:11:03 020389][3035855728] RecvThread(3035855728) recv an exit notice, so exit.
[2010-09-11 20:11:03 020448][3027463024] RecvThread(3027463024) recv an exit notice, so exit.
[2010-09-11 20:11:03 020505][2868001648] RecvThread(2868001648) recv an exit notice, so exit.
[2010-09-11 20:11:03 020563][3010677616] RecvThread(3010677616) recv an exit notice, so exit.
[2010-09-11 20:11:03 020621][3061033840] RecvThread(3061033840) recv an exit notice, so exit.
[2010-09-11 20:11:03 020678][2993892208] RecvThread(2993892208) recv an exit notice, so exit.
[2010-09-11 20:11:03 020736][2968714096] RecvThread(2968714096) recv an exit notice, so exit.
[2010-09-11 20:11:03 020794][2985499504] RecvThread(2985499504) recv an exit notice, so exit.
[2010-09-11 20:11:03 020853][2943535984] RecvThread(2943535984) recv an exit notice, so exit.
[2010-09-11 20:11:03 020911][2935143280] RecvThread(2935143280) recv an exit notice, so exit.
[2010-09-11 20:11:03 020968][2842823536] RecvThread(2842823536) recv an exit notice, so exit.
[2010-09-11 20:11:03 021077][2960321392] RecvThread(2960321392) recv an exit notice, so exit.
[2010-09-11 20:11:03 121376][2809252720] R_MaintainThread(2809252720) recv an exit notice, so exit.
[2010-09-11 20:11:03 122400][2817645424] P_MaintainThread(2817645424) recv an exit notice, so exit.
[2010-09-11 20:11:03 187286][3077819248] ConnectThread(3077819248) recv an exit notice, so exit.
[2010-09-11 20:11:03 219900][135960656] all children exited, begin to save duty queue.
[2010-09-11 20:11:03 220047][135960656] MainProcess confirm all children exited and exit itself.
