[2008-05-03 22:10:37 736372][135989328] Begin to connect to ShareMem ......
[2008-05-03 22:10:37 736780][135989328] Connect to ShareMem successfully.
[2008-05-03 22:10:37 737055][135989328] Begin to connect to ShareMem ......
[2008-05-03 22:10:37 737295][135989328] Connect to ShareMem successfully.
[2008-05-03 22:14:09 201501][135989328] Begin to connect to ShareMem ......
[2008-05-03 22:14:09 201957][135989328] Connect to ShareMem successfully.
[2008-05-03 22:14:09 202220][135989328] Begin to connect to ShareMem ......
[2008-05-03 22:14:09 202457][135989328] Connect to ShareMem successfully.
[2008-05-03 22:16:49 350105][135989328] Begin to connect to ShareMem ......
[2008-05-03 22:16:49 350607][135989328] Connect to ShareMem successfully.
[2008-05-03 22:16:49 351168][135989328] Begin to connect to ShareMem ......
[2008-05-03 22:16:49 351405][135989328] Connect to ShareMem successfully.
[2008-05-03 22:54:37 647511][135989328] Begin to connect to ShareMem ......
[2008-05-03 22:54:37 648112][135989328] Connect to ShareMem successfully.
[2008-05-03 22:54:37 650846][135989328] Begin to connect to ShareMem ......
[2008-05-03 22:54:37 651191][135989328] Connect to ShareMem successfully.
[2008-05-08 01:38:13 979994][135989328] Begin to connect to ShareMem ......
[2008-05-08 01:38:13 991187][135989328] Connect to ShareMem successfully.
[2008-05-08 01:38:13 991446][135989328] Begin to connect to ShareMem ......
[2008-05-08 01:38:13 991686][135989328] Connect to ShareMem successfully.
[2008-05-08 01:38:15 204422][135989328] Begin to connect to ShareMem ......
[2008-05-08 01:38:15 206419][135989328] Connect to ShareMem successfully.
[2008-05-08 01:38:15 206700][135989328] Begin to connect to ShareMem ......
[2008-05-08 01:38:15 206978][135989328] Connect to ShareMem successfully.
[2008-05-08 01:38:15 779074][135989328] Begin to connect to ShareMem ......
[2008-05-08 01:38:15 779566][135989328] Connect to ShareMem successfully.
[2008-05-08 01:38:15 779861][135989328] Begin to connect to ShareMem ......
[2008-05-08 01:38:15 780130][135989328] Connect to ShareMem successfully.
[2008-05-08 01:38:26 421139][135989328] Begin to connect to ShareMem ......
[2008-05-08 01:38:26 423223][135989328] Connect to ShareMem successfully.
[2008-05-08 01:38:26 423528][135989328] Begin to connect to ShareMem ......
[2008-05-08 01:38:26 423806][135989328] Connect to ShareMem successfully.
[2008-05-08 01:38:27 131101][135989328] Begin to connect to ShareMem ......
[2008-05-08 01:38:27 131614][135989328] Connect to ShareMem successfully.
[2008-05-08 01:38:27 131914][135989328] Begin to connect to ShareMem ......
[2008-05-08 01:38:27 132216][135989328] Connect to ShareMem successfully.
[2008-05-08 01:38:27 640667][135989328] Begin to connect to ShareMem ......
[2008-05-08 01:38:27 641175][135989328] Connect to ShareMem successfully.
[2008-05-08 01:38:27 642992][135989328] Begin to connect to ShareMem ......
[2008-05-08 01:38:27 643300][135989328] Connect to ShareMem successfully.
[2008-05-08 01:38:28 117087][135989328] Begin to connect to ShareMem ......
[2008-05-08 01:38:28 119143][135989328] Connect to ShareMem successfully.
[2008-05-08 01:38:28 119489][135989328] Begin to connect to ShareMem ......
[2008-05-08 01:38:28 119805][135989328] Connect to ShareMem successfully.
[2008-05-08 01:38:34 821354][135989328] Begin to connect to ShareMem ......
[2008-05-08 01:38:34 823447][135989328] Connect to ShareMem successfully.
[2008-05-08 01:38:34 823797][135989328] Begin to connect to ShareMem ......
[2008-05-08 01:38:34 824112][135989328] Connect to ShareMem successfully.
[2008-05-08 01:38:36 825681][135989328] Begin to connect to ShareMem ......
[2008-05-08 01:38:36 827830][135989328] Connect to ShareMem successfully.
[2008-05-08 01:38:36 828177][135989328] Begin to connect to ShareMem ......
[2008-05-08 01:38:36 828492][135989328] Connect to ShareMem successfully.
[2008-05-08 01:38:37 335470][135989328] Begin to connect to ShareMem ......
[2008-05-08 01:38:37 336032][135989328] Connect to ShareMem successfully.
[2008-05-08 01:38:37 336248][135989328] Begin to connect to ShareMem ......
[2008-05-08 01:38:37 336410][135989328] Connect to ShareMem successfully.
[2008-05-08 01:39:35 231651][135989328] Begin to connect to ShareMem ......
[2008-05-08 01:39:35 231929][135989328] Connect to ShareMem successfully.
[2008-05-08 01:39:35 232047][135989328] Begin to connect to ShareMem ......
[2008-05-08 01:39:35 232141][135989328] Connect to ShareMem successfully.
[2008-05-20 11:17:30 580063][135989328] Begin to connect to ShareMem ......
[2008-05-20 11:17:30 595424][135989328] Connect to ShareMem successfully.
[2008-05-20 11:17:39 212223][135989328] Begin to connect to ShareMem ......
[2008-05-20 11:17:39 212419][135989328] Connect to ShareMem successfully.
[2008-05-20 11:17:49 664780][135989328] Begin to connect to ShareMem ......
[2008-05-20 11:17:49 664984][135989328] Connect to ShareMem successfully.
[2008-05-20 11:18:08 009711][135989328] Begin to read /srv/site_wizard/d1/cfg/common.cfg ......
[2008-05-20 11:18:08 010499][135989328] Read /srv/site_wizard/d1/cfg/common.cfg Successfully.
[2008-05-20 11:18:08 010590][135989328] Begin to read /srv/site_wizard/d1/cfg/siteinfo.cfg ......
[2008-05-20 11:18:08 011793][135989328] Read /srv/site_wizard/d1/cfg/siteinfo.cfg successfully.
[2008-05-20 11:18:39 483955][135989328] Begin to connect to ShareMem ......
[2008-05-20 11:18:39 484162][135989328] Connect to ShareMem successfully.
[2008-05-20 11:19:04 209524][135989328] Begin to connect to ShareMem ......
[2008-05-20 11:19:04 209727][135989328] Connect to ShareMem successfully.
[2008-05-20 11:19:07 747403][135989328] Begin to connect to ShareMem ......
[2008-05-20 11:19:07 747626][135989328] Connect to ShareMem successfully.
[2008-05-20 11:19:23 407741][135989328] Begin to read /srv/site_wizard/d1/cfg/common.cfg ......
[2008-05-20 11:19:23 408855][135989328] Read /srv/site_wizard/d1/cfg/common.cfg Successfully.
[2008-05-20 11:19:23 408946][135989328] Begin to read /srv/site_wizard/d1/cfg/siteinfo.cfg ......
[2008-05-20 11:19:23 409761][135989328] Read /srv/site_wizard/d1/cfg/siteinfo.cfg successfully.
[2008-05-20 11:20:25 487377][135989328] Deal with Duty(STATUS=2:PROTOCOL=1:auto:/srv.txt:2008052011195782868:/home/bud/apache2.log:LOCALTIME=0:127.0.0.1:PORT=8123:NROFFAIL=0) successfully.
[2008-05-20 11:21:53 320180][135989328] Begin to connect to ShareMem ......
[2008-05-20 11:21:53 320471][135989328] Connect to ShareMem successfully.
[2008-05-20 11:37:24 251328][135989328] Begin to connect to ShareMem ......
[2008-05-20 11:37:24 254101][135989328] Connect to ShareMem successfully.
[2008-05-20 11:37:24 295311][135989328] Deal with Duty(STATUS=2:PROTOCOL=1:auto:/sendfile.sh:2008052011372425422:/home/bud/newoctopusd/bin/sendfile.sh:LOCALTIME=0:127.0.0.1:PORT=8123:NROFFAIL=0) successfully.
[2008-05-20 11:38:52 075766][135989328] Begin to connect to ShareMem ......
[2008-05-20 11:38:52 076054][135989328] Connect to ShareMem successfully.
[2008-05-20 11:38:52 080390][135989328] Deal with Duty(STATUS=2:PROTOCOL=1:auto:/sendfile.sh1:2008052011385207615:/home/bud/newoctopusd/bin/sendfile.sh:LOCALTIME=0:127.0.0.1:PORT=8123:NROFFAIL=0) successfully.
[2010-09-09 20:14:08 815560][135989328] Begin to connect to ShareMem ......
[2010-09-09 20:14:08 830385][135989328] Connect to ShareMem failed, because of not exist.
[2010-09-09 20:22:01 543819][135989328] Begin to connect to ShareMem ......
[2010-09-09 20:22:01 544134][135989328] Connect to ShareMem successfully.
[2010-09-09 20:22:01 672619][135989328] Deal with Duty(STATUS=2:PROTOCOL=1:bigfile:profile:2010090920220154424:/home/bud/.profile:LOCALTIME=0:10.13.1.2:PORT=8123:NROFFAIL=0) successfully.
[2010-09-09 20:22:56 548439][135989328] Begin to connect to ShareMem ......
[2010-09-09 20:22:56 548704][135989328] Connect to ShareMem successfully.
[2010-09-09 20:22:56 556772][135989328] Deal with Duty(STATUS=2:PROTOCOL=1:bigfile:profile:2010090920225654880:/home/bud/newoctopusd/sample/sendfile.sh:LOCALTIME=0:10.13.1.2:PORT=8123:NROFFAIL=0) successfully.
[2010-09-10 10:54:01 530656][135989328] Begin to connect to ShareMem ......
[2010-09-10 10:54:02 098900][135989328] Connect to ShareMem successfully.
[2010-09-10 10:54:02 300099][135989328] Deal with Duty(STATUS=2:PROTOCOL=1:bigfile:profile:2010091010540209905:/home/bud/.profile:LOCALTIME=0:10.13.1.2:PORT=8123:NROFFAIL=0) successfully.
[2010-09-10 10:54:09 468760][135989328] Begin to connect to ShareMem ......
[2010-09-10 10:54:09 468929][135989328] Connect to ShareMem successfully.
[2010-09-10 10:54:11 311243][135989328] Deal with Duty(STATUS=2:PROTOCOL=1:bigfile:profile:2010091010540946897:/home/bud/.profile:LOCALTIME=0:10.13.1.2:PORT=8123:NROFFAIL=0) successfully.
[2010-09-10 10:55:36 973603][135989328] Begin to connect to ShareMem ......
[2010-09-10 10:55:36 973771][135989328] Connect to ShareMem successfully.
[2010-09-10 10:55:36 974703][135989328] Deal with Duty(STATUS=2:PROTOCOL=1:bigfile:senfile:2010091010553697381:/home/bud/.profile:LOCALTIME=0:10.13.1.2:PORT=8123:NROFFAIL=0) successfully.
[2010-09-10 11:09:34 353935][135989328] Begin to connect to ShareMem ......
[2010-09-10 11:09:34 354101][135989328] Connect to ShareMem successfully.
[2010-09-10 11:09:34 354153][135989328] Begin to connect to ShareMem ......
[2010-09-10 11:09:34 354197][135989328] Connect to ShareMem successfully.
[2010-09-10 11:09:43 584310][135989328] Begin to connect to ShareMem ......
[2010-09-10 11:09:43 584480][135989328] Connect to ShareMem successfully.
[2010-09-10 11:09:43 584531][135989328] Begin to connect to ShareMem ......
[2010-09-10 11:09:43 584575][135989328] Connect to ShareMem successfully.
[2010-09-10 16:15:02 223059][135989328] Begin to connect to ShareMem ......
[2010-09-10 16:15:02 428638][135989328] Connect to ShareMem successfully.
[2010-09-10 16:15:02 428791][135989328] Begin to connect to ShareMem ......
[2010-09-10 16:15:02 428866][135989328] Connect to ShareMem successfully.
[2010-09-11 14:53:59 107192][135989328] Begin to connect to ShareMem ......
[2010-09-11 14:53:59 107363][135989328] Connect to ShareMem successfully.
[2010-09-11 14:53:59 107416][135989328] Begin to connect to ShareMem ......
[2010-09-11 14:53:59 107465][135989328] Connect to ShareMem successfully.
[2010-09-11 14:57:25 234918][135989328] Begin to connect to ShareMem ......
[2010-09-11 14:57:25 235117][135989328] Connect to ShareMem successfully.
[2010-09-11 14:57:25 235208][135989328] Begin to connect to ShareMem ......
[2010-09-11 14:57:25 235260][135989328] Connect to ShareMem successfully.
[2010-09-11 14:57:47 746339][135989328] Begin to connect to ShareMem ......
[2010-09-11 14:57:47 746991][135989328] Connect to ShareMem successfully.
[2010-09-11 14:57:47 747367][135989328] Begin to connect to ShareMem ......
[2010-09-11 14:57:47 747422][135989328] Connect to ShareMem successfully.
[2010-09-11 20:11:00 090497][135989328] Begin to connect to ShareMem ......
[2010-09-11 20:11:00 090697][135989328] Connect to ShareMem successfully.
[2010-09-11 20:11:00 090761][135989328] Begin to connect to ShareMem ......
[2010-09-11 20:11:00 090812][135989328] Connect to ShareMem successfully.
[2010-09-11 20:22:46 238369][135989328] Begin to connect to ShareMem ......
[2010-09-11 20:22:46 238571][135989328] Connect to ShareMem successfully.
[2010-09-11 20:22:46 238631][135989328] Begin to connect to ShareMem ......
[2010-09-11 20:22:46 238680][135989328] Connect to ShareMem successfully.
[2010-09-11 20:24:01 327308][135989328] Begin to connect to ShareMem ......
[2010-09-11 20:24:01 327648][135989328] Connect to ShareMem successfully.
[2010-09-11 20:24:01 328267][135989328] Begin to connect to ShareMem ......
[2010-09-11 20:24:01 328384][135989328] Connect to ShareMem successfully.
[2010-09-11 20:29:20 030193][135989328] Begin to connect to ShareMem ......
[2010-09-11 20:29:20 030392][135989328] Connect to ShareMem successfully.
[2010-09-11 20:29:20 030447][135989328] Begin to connect to ShareMem ......
[2010-09-11 20:29:20 030497][135989328] Connect to ShareMem successfully.
[2010-09-11 20:29:55 426903][135989328] Begin to connect to ShareMem ......
[2010-09-11 20:29:55 427185][135989328] Connect to ShareMem successfully.
[2010-09-11 20:29:55 427243][135989328] Begin to connect to ShareMem ......
[2010-09-11 20:29:55 427314][135989328] Connect to ShareMem successfully.
[2010-09-11 20:31:24 494241][135989328] Begin to connect to ShareMem ......
[2010-09-11 20:31:24 494431][135989328] Connect to ShareMem successfully.
[2010-09-11 20:31:24 494486][135989328] Begin to connect to ShareMem ......
[2010-09-11 20:31:24 494535][135989328] Connect to ShareMem successfully.
[2010-09-11 21:03:40 439026][135989328] Begin to connect to ShareMem ......
[2010-09-11 21:03:40 439226][135989328] Connect to ShareMem successfully.
[2010-09-11 21:03:40 439287][135989328] Begin to connect to ShareMem ......
[2010-09-11 21:03:40 439380][135989328] Connect to ShareMem successfully.
[2010-09-11 21:04:50 194956][135989328] Begin to connect to ShareMem ......
[2010-09-11 21:04:50 195672][135989328] Connect to ShareMem successfully.
[2010-09-11 21:04:50 262742][135989328] Begin to connect to ShareMem ......
[2010-09-11 21:04:50 262886][135989328] Connect to ShareMem successfully.
[2010-09-11 21:05:36 821362][135989328] Begin to connect to ShareMem ......
[2010-09-11 21:05:36 821703][135989328] Connect to ShareMem successfully.
[2010-09-11 21:05:36 822355][135989328] Begin to connect to ShareMem ......
[2010-09-11 21:05:36 822484][135989328] Connect to ShareMem successfully.
[2010-09-11 21:05:44 003110][135989328] Begin to connect to ShareMem ......
[2010-09-11 21:05:44 003306][135989328] Connect to ShareMem successfully.
[2010-09-11 21:05:44 003457][135989328] Begin to connect to ShareMem ......
[2010-09-11 21:05:44 003637][135989328] Connect to ShareMem successfully.
[2010-09-11 21:05:44 901878][135989328] Begin to connect to ShareMem ......
[2010-09-11 21:05:44 902700][135989328] Connect to ShareMem successfully.
[2010-09-11 21:05:44 902847][135989328] Begin to connect to ShareMem ......
[2010-09-11 21:05:44 902898][135989328] Connect to ShareMem successfully.
[2010-09-11 21:07:02 177491][135989328] Begin to connect to ShareMem ......
[2010-09-11 21:07:02 178407][135989328] Connect to ShareMem successfully.
[2010-09-11 21:07:02 178530][135989328] Begin to connect to ShareMem ......
[2010-09-11 21:07:02 179135][135989328] Connect to ShareMem successfully.
[2010-09-11 21:18:25 857564][135989328] Begin to connect to ShareMem ......
[2010-09-11 21:18:25 857903][135989328] Connect to ShareMem successfully.
[2010-09-11 21:18:25 858022][135989328] Begin to connect to ShareMem ......
[2010-09-11 21:18:25 858136][135989328] Connect to ShareMem successfully.
[2010-09-11 21:18:27 086194][135989328] Begin to connect to ShareMem ......
[2010-09-11 21:18:27 086377][135989328] Connect to ShareMem successfully.
[2010-09-11 21:18:27 086432][135989328] Begin to connect to ShareMem ......
[2010-09-11 21:18:27 086481][135989328] Connect to ShareMem successfully.
[2010-09-11 21:18:28 161235][135989328] Begin to connect to ShareMem ......
[2010-09-11 21:18:28 161553][135989328] Connect to ShareMem successfully.
[2010-09-11 21:18:28 161673][135989328] Begin to connect to ShareMem ......
[2010-09-11 21:18:28 161787][135989328] Connect to ShareMem successfully.
[2010-09-11 21:18:28 910078][135989328] Begin to connect to ShareMem ......
[2010-09-11 21:18:28 910308][135989328] Connect to ShareMem successfully.
[2010-09-11 21:18:28 910363][135989328] Begin to connect to ShareMem ......
[2010-09-11 21:18:28 910412][135989328] Connect to ShareMem successfully.
[2010-09-11 21:18:29 601182][135989328] Begin to connect to ShareMem ......
[2010-09-11 21:18:29 601502][135989328] Connect to ShareMem successfully.
[2010-09-11 21:18:29 601622][135989328] Begin to connect to ShareMem ......
[2010-09-11 21:18:29 601736][135989328] Connect to ShareMem successfully.
[2010-09-11 21:18:30 110045][135989328] Begin to connect to ShareMem ......
[2010-09-11 21:18:30 110273][135989328] Connect to ShareMem successfully.
[2010-09-11 21:18:30 110328][135989328] Begin to connect to ShareMem ......
[2010-09-11 21:18:30 110377][135989328] Connect to ShareMem successfully.
[2010-09-11 21:18:30 590104][135989328] Begin to connect to ShareMem ......
[2010-09-11 21:18:30 590331][135989328] Connect to ShareMem successfully.
[2010-09-11 21:18:30 590408][135989328] Begin to connect to ShareMem ......
[2010-09-11 21:18:30 590457][135989328] Connect to ShareMem successfully.
[2010-09-11 21:18:50 157323][135989328] Begin to connect to ShareMem ......
[2010-09-11 21:18:50 158071][135989328] Connect to ShareMem successfully.
[2010-09-11 21:18:50 158503][135989328] Begin to connect to ShareMem ......
[2010-09-11 21:18:50 158630][135989328] Connect to ShareMem successfully.
[2010-09-11 21:18:51 050282][135989328] Begin to connect to ShareMem ......
[2010-09-11 21:18:51 050461][135989328] Connect to ShareMem successfully.
[2010-09-11 21:18:51 050515][135989328] Begin to connect to ShareMem ......
[2010-09-11 21:18:51 050563][135989328] Connect to ShareMem successfully.
[2010-09-11 21:18:51 612031][135989328] Begin to connect to ShareMem ......
[2010-09-11 21:18:51 612206][135989328] Connect to ShareMem successfully.
[2010-09-11 21:18:51 612259][135989328] Begin to connect to ShareMem ......
[2010-09-11 21:18:51 612306][135989328] Connect to ShareMem successfully.
[2010-09-11 21:18:52 106051][135989328] Begin to connect to ShareMem ......
[2010-09-11 21:18:52 106276][135989328] Connect to ShareMem successfully.
[2010-09-11 21:18:52 106331][135989328] Begin to connect to ShareMem ......
[2010-09-11 21:18:52 106379][135989328] Connect to ShareMem successfully.
[2010-09-11 21:19:13 548036][135989328] Begin to connect to ShareMem ......
[2010-09-11 21:19:13 548231][135989328] Connect to ShareMem successfully.
[2010-09-11 21:19:13 548285][135989328] Begin to connect to ShareMem ......
[2010-09-11 21:19:13 548334][135989328] Connect to ShareMem successfully.
[2010-09-11 21:19:54 746068][135989328] Begin to connect to ShareMem ......
[2010-09-11 21:19:54 746312][135989328] Connect to ShareMem successfully.
[2010-09-11 21:19:54 746367][135989328] Begin to connect to ShareMem ......
[2010-09-11 21:19:54 746416][135989328] Connect to ShareMem successfully.
[2010-09-11 21:19:55 485234][135989328] Begin to connect to ShareMem ......
[2010-09-11 21:19:55 485556][135989328] Connect to ShareMem successfully.
[2010-09-11 21:19:55 485675][135989328] Begin to connect to ShareMem ......
[2010-09-11 21:19:55 485789][135989328] Connect to ShareMem successfully.
[2010-09-11 21:19:56 123998][135989328] Begin to connect to ShareMem ......
[2010-09-11 21:19:56 124176][135989328] Connect to ShareMem successfully.
[2010-09-11 21:19:56 124229][135989328] Begin to connect to ShareMem ......
[2010-09-11 21:19:56 124279][135989328] Connect to ShareMem successfully.
[2010-09-11 21:19:56 700011][135989328] Begin to connect to ShareMem ......
[2010-09-11 21:19:56 700191][135989328] Connect to ShareMem successfully.
[2010-09-11 21:19:56 700245][135989328] Begin to connect to ShareMem ......
[2010-09-11 21:19:56 700294][135989328] Connect to ShareMem successfully.
[2010-09-11 21:19:57 146067][135989328] Begin to connect to ShareMem ......
[2010-09-11 21:19:57 146298][135989328] Connect to ShareMem successfully.
[2010-09-11 21:19:57 146353][135989328] Begin to connect to ShareMem ......
[2010-09-11 21:19:57 146402][135989328] Connect to ShareMem successfully.
[2010-09-11 21:19:57 549226][135989328] Begin to connect to ShareMem ......
[2010-09-11 21:19:57 549547][135989328] Connect to ShareMem successfully.
[2010-09-11 21:19:57 549666][135989328] Begin to connect to ShareMem ......
[2010-09-11 21:19:57 549780][135989328] Connect to ShareMem successfully.
[2010-09-11 21:19:57 917130][135989328] Begin to connect to ShareMem ......
[2010-09-11 21:19:57 917451][135989328] Connect to ShareMem successfully.
[2010-09-11 21:19:57 917570][135989328] Begin to connect to ShareMem ......
[2010-09-11 21:19:57 917683][135989328] Connect to ShareMem successfully.
[2010-09-11 21:19:58 284033][135989328] Begin to connect to ShareMem ......
[2010-09-11 21:19:58 284213][135989328] Connect to ShareMem successfully.
[2010-09-11 21:19:58 284268][135989328] Begin to connect to ShareMem ......
[2010-09-11 21:19:58 284317][135989328] Connect to ShareMem successfully.
[2010-09-11 21:19:58 634212][135989328] Begin to connect to ShareMem ......
[2010-09-11 21:19:58 634391][135989328] Connect to ShareMem successfully.
[2010-09-11 21:19:58 634444][135989328] Begin to connect to ShareMem ......
[2010-09-11 21:19:58 634491][135989328] Connect to ShareMem successfully.
[2010-09-11 21:19:58 989213][135989328] Begin to connect to ShareMem ......
[2010-09-11 21:19:58 989529][135989328] Connect to ShareMem successfully.
[2010-09-11 21:19:58 989645][135989328] Begin to connect to ShareMem ......
[2010-09-11 21:19:58 989755][135989328] Connect to ShareMem successfully.
[2010-09-11 21:19:59 292013][135989328] Begin to connect to ShareMem ......
[2010-09-11 21:19:59 345458][135989328] Connect to ShareMem successfully.
[2010-09-11 21:19:59 345607][135989328] Begin to connect to ShareMem ......
[2010-09-11 21:19:59 345721][135989328] Connect to ShareMem successfully.
[2010-09-11 21:19:59 627988][135989328] Begin to connect to ShareMem ......
[2010-09-11 21:19:59 628166][135989328] Connect to ShareMem successfully.
[2010-09-11 21:19:59 628219][135989328] Begin to connect to ShareMem ......
[2010-09-11 21:19:59 628266][135989328] Connect to ShareMem successfully.
[2010-09-11 21:21:06 410257][135989328] Begin to connect to ShareMem ......
[2010-09-11 21:21:06 410459][135989328] Connect to ShareMem successfully.
[2010-09-11 21:21:06 410520][135989328] Begin to connect to ShareMem ......
[2010-09-11 21:21:06 410570][135989328] Connect to ShareMem successfully.
[2010-09-11 21:24:12 525567][135989328] Begin to connect to ShareMem ......
[2010-09-11 21:24:12 525910][135989328] Connect to ShareMem successfully.
[2010-09-11 21:24:12 526611][135989328] Begin to connect to ShareMem ......
[2010-09-11 21:24:12 526730][135989328] Connect to ShareMem successfully.
[2010-09-11 21:24:13 561437][135989328] Begin to connect to ShareMem ......
[2010-09-11 21:24:13 561834][135989328] Connect to ShareMem successfully.
[2010-09-11 21:24:13 561890][135989328] Begin to connect to ShareMem ......
[2010-09-11 21:24:13 561939][135989328] Connect to ShareMem successfully.
[2010-09-11 21:24:14 521820][135989328] Begin to connect to ShareMem ......
[2010-09-11 21:24:14 522005][135989328] Connect to ShareMem successfully.
[2010-09-11 21:24:14 522065][135989328] Begin to connect to ShareMem ......
[2010-09-11 21:24:14 522114][135989328] Connect to ShareMem successfully.
[2010-09-11 21:24:15 337714][135989328] Begin to connect to ShareMem ......
[2010-09-11 21:24:15 338233][135989328] Connect to ShareMem successfully.
[2010-09-11 21:24:15 338292][135989328] Begin to connect to ShareMem ......
[2010-09-11 21:24:15 338342][135989328] Connect to ShareMem successfully.
[2010-09-11 21:24:16 058109][135989328] Begin to connect to ShareMem ......
[2010-09-11 21:24:16 058331][135989328] Connect to ShareMem successfully.
[2010-09-11 21:24:16 058391][135989328] Begin to connect to ShareMem ......
[2010-09-11 21:24:16 058494][135989328] Connect to ShareMem successfully.
[2010-09-11 21:24:16 620453][135989328] Begin to connect to ShareMem ......
[2010-09-11 21:24:16 620718][135989328] Connect to ShareMem successfully.
[2010-09-11 21:24:16 620775][135989328] Begin to connect to ShareMem ......
[2010-09-11 21:24:16 620825][135989328] Connect to ShareMem successfully.
[2010-09-11 21:25:44 409508][135989328] Begin to connect to ShareMem ......
[2010-09-11 21:25:44 410425][135989328] Connect to ShareMem successfully.
[2010-09-11 21:25:44 410571][135989328] Begin to connect to ShareMem ......
[2010-09-11 21:25:44 410688][135989328] Connect to ShareMem successfully.
[2010-09-11 21:30:48 459546][135989328] Begin to connect to ShareMem ......
[2010-09-11 21:30:48 459745][135989328] Connect to ShareMem successfully.
[2010-09-11 21:30:48 460085][135989328] Begin to connect to ShareMem ......
[2010-09-11 21:30:48 460140][135989328] Connect to ShareMem successfully.
[2010-09-11 21:30:50 989121][135989328] Begin to connect to ShareMem ......
[2010-09-11 21:30:50 989308][135989328] Connect to ShareMem successfully.
[2010-09-11 21:30:50 989364][135989328] Begin to connect to ShareMem ......
[2010-09-11 21:30:50 989435][135989328] Connect to ShareMem successfully.
